[0.011s] Invoking command in '/home/kiran_gunathilaka/development/ros/gem_cutter_manipulator/build/gem_cutter_gazebo': CMAKE_PREFIX_PATH=/home/kiran_gunathilaka/development/ros/gem_cutter_manipulator/install/gem_cutter_description:/home/kiran_gunathilaka/development/ros/gem_cutter_manipulator/install/gem_cutter_moveit_config:/home/kiran_gunathilaka/development/ros/gem_cutter_manipulator/install/gem_cutter_gazebo:/opt/ros/jazzy/opt/gz_sim_vendor:/opt/ros/jazzy/opt/gz_sensors_vendor:/opt/ros/jazzy/opt/gz_physics_vendor:/opt/ros/jazzy/opt/sdformat_vendor:/opt/ros/jazzy/opt/gz_gui_vendor:/opt/ros/jazzy/opt/gz_transport_vendor:/opt/ros/jazzy/opt/gz_rendering_vendor:/opt/ros/jazzy/opt/gz_plugin_vendor:/opt/ros/jazzy/opt/gz_fuel_tools_vendor:/opt/ros/jazzy/opt/gz_msgs_vendor:/opt/ros/jazzy/opt/gz_common_vendor:/opt/ros/jazzy/opt/gz_math_vendor:/opt/ros/jazzy/opt/gz_utils_vendor:/opt/ros/jazzy/opt/gz_tools_vendor:/opt/ros/jazzy/opt/gz_ogre_next_vendor:/opt/ros/jazzy/opt/gz_dartsim_vendor:/opt/ros/jazzy/opt/gz_cmake_vendor:/opt/ros/jazzy DEBUGINFOD_URLS=https://debuginfod.ubuntu.com /usr/bin/cmake /home/kiran_gunathilaka/development/ros/gem_cutter_manipulator/src/gem_cutter_gazebo -DAMENT_CMAKE_SYMLINK_INSTALL=1 -DCMAKE_INSTALL_PREFIX=/home/kiran_gunathilaka/development/ros/gem_cutter_manipulator/install/gem_cutter_gazebo
[0.061s] -- The C compiler identification is GNU 13.3.0
[0.119s] -- The CXX compiler identification is GNU 13.3.0
[0.138s] -- Detecting C compiler ABI info
[0.212s] -- Detecting C compiler ABI info - done
[0.220s] -- Check for working C compiler: /usr/lib/ccache/cc - skipped
[0.220s] -- Detecting C compile features
[0.221s] -- Detecting C compile features - done
[0.233s] -- Detecting CXX compiler ABI info
[0.321s] -- Detecting CXX compiler ABI info - done
[0.332s] -- Check for working CXX compiler: /usr/lib/ccache/c++ - skipped
[0.332s] -- Detecting CXX compile features
[0.332s] -- Detecting CXX compile features - done
[0.336s] -- Found ament_cmake: 2.5.4 (/opt/ros/jazzy/share/ament_cmake/cmake)
[0.473s] -- Found Python3: /usr/bin/python3 (found version "3.12.3") found components: Interpreter 
[0.539s] -- Override CMake install command with custom implementation using symlinks instead of copying resources
[0.587s] -- Found ros_gz_sim: 1.0.16 (/opt/ros/jazzy/share/ros_gz_sim/cmake)
[0.645s] -- Found rosidl_generator_c: 4.6.6 (/opt/ros/jazzy/share/rosidl_generator_c/cmake)
[0.662s] -- Found rosidl_generator_cpp: 4.6.6 (/opt/ros/jazzy/share/rosidl_generator_cpp/cmake)
[0.683s] -- Using all available rosidl_typesupport_c: rosidl_typesupport_fastrtps_c;rosidl_typesupport_introspection_c
[0.706s] -- Using all available rosidl_typesupport_cpp: rosidl_typesupport_fastrtps_cpp;rosidl_typesupport_introspection_cpp
[0.805s] -- Found rmw_implementation_cmake: 7.3.2 (/opt/ros/jazzy/share/rmw_implementation_cmake/cmake)
[0.810s] -- Found rmw_cyclonedds_cpp: 2.2.3 (/opt/ros/jazzy/share/rmw_cyclonedds_cpp/cmake)
[0.846s] -- Using RMW implementation 'rmw_cyclonedds_cpp' as default
[1.135s] -- Found ros_gz_bridge: 1.0.16 (/opt/ros/jazzy/share/ros_gz_bridge/cmake)
[1.175s] -- Looking for gz-msgs10 -- found version 10.3.2
[1.184s] -- Searching for dependencies of gz-msgs10
[1.297s] -- Found Protobuf: /usr/lib/x86_64-linux-gnu/libprotobuf.so (found version "3.21.12") 
[1.299s] -- Looking for gz-utils2 -- found version 2.2.1
[1.299s] -- Searching for dependencies of gz-utils2
[1.302s] -- Looking for gz-math7 -- found version 7.5.2
[1.302s] -- Searching for dependencies of gz-math7
[1.302s] -- Looking for gz-utils2 -- found version 2.2.1
[1.307s] -- Checking for module 'tinyxml2'
[1.318s] --   Found tinyxml2, version 10.0.0
[1.348s] -- Looking for gz-transport13 -- found version 13.5.0
[1.348s] -- Searching for dependencies of gz-transport13
[1.378s] -- Config-file not installed for ZeroMQ -- checking for pkg-config
[1.382s] -- Checking for module 'libzmq >= 4'
[1.394s] --   Found libzmq, version 4.3.5
[1.423s] -- Found ZeroMQ: TRUE (Required is at least version "4") 
[1.428s] -- Checking for module 'uuid'
[1.439s] --   Found uuid, version 2.39.3
[1.461s] -- Found UUID: TRUE  
[1.462s] -- Looking for gz-utils2 -- found version 2.2.1
[1.462s] -- Searching for dependencies of gz-utils2
[1.462s] -- Searching for <gz-utils2> component [cli]
[1.464s] -- Looking for gz-utils2-cli -- found version 2.2.1
[1.464s] -- Searching for dependencies of gz-utils2-cli
[1.464s] -- Looking for gz-msgs10 -- found version 10.3.2
[1.667s] -- Found gem_cutter_description: 0.0.0 (/home/kiran_gunathilaka/development/ros/gem_cutter_manipulator/install/gem_cutter_description/share/gem_cutter_description/cmake)
[1.671s] -- Found ament_lint_auto: 0.17.3 (/opt/ros/jazzy/share/ament_lint_auto/cmake)
[1.783s] -- Added test 'flake8' to check Python code syntax and style conventions
[1.783s] -- Configured 'flake8' exclude dirs and/or files: 
[1.784s] -- Added test 'lint_cmake' to check CMake code style
[1.785s] -- Added test 'pep257' to check Python code against some of the docstring style conventions in PEP 257
[1.786s] -- Added test 'xmllint' to check XML markup files
[1.788s] -- Configuring done (1.8s)
[1.794s] -- Generating done (0.0s)
[1.796s] -- Build files have been written to: /home/kiran_gunathilaka/development/ros/gem_cutter_manipulator/build/gem_cutter_gazebo
[1.806s] Invoked command in '/home/kiran_gunathilaka/development/ros/gem_cutter_manipulator/build/gem_cutter_gazebo' returned '0': CMAKE_PREFIX_PATH=/home/kiran_gunathilaka/development/ros/gem_cutter_manipulator/install/gem_cutter_description:/home/kiran_gunathilaka/development/ros/gem_cutter_manipulator/install/gem_cutter_moveit_config:/home/kiran_gunathilaka/development/ros/gem_cutter_manipulator/install/gem_cutter_gazebo:/opt/ros/jazzy/opt/gz_sim_vendor:/opt/ros/jazzy/opt/gz_sensors_vendor:/opt/ros/jazzy/opt/gz_physics_vendor:/opt/ros/jazzy/opt/sdformat_vendor:/opt/ros/jazzy/opt/gz_gui_vendor:/opt/ros/jazzy/opt/gz_transport_vendor:/opt/ros/jazzy/opt/gz_rendering_vendor:/opt/ros/jazzy/opt/gz_plugin_vendor:/opt/ros/jazzy/opt/gz_fuel_tools_vendor:/opt/ros/jazzy/opt/gz_msgs_vendor:/opt/ros/jazzy/opt/gz_common_vendor:/opt/ros/jazzy/opt/gz_math_vendor:/opt/ros/jazzy/opt/gz_utils_vendor:/opt/ros/jazzy/opt/gz_tools_vendor:/opt/ros/jazzy/opt/gz_ogre_next_vendor:/opt/ros/jazzy/opt/gz_dartsim_vendor:/opt/ros/jazzy/opt/gz_cmake_vendor:/opt/ros/jazzy DEBUGINFOD_URLS=https://debuginfod.ubuntu.com /usr/bin/cmake /home/kiran_gunathilaka/development/ros/gem_cutter_manipulator/src/gem_cutter_gazebo -DAMENT_CMAKE_SYMLINK_INSTALL=1 -DCMAKE_INSTALL_PREFIX=/home/kiran_gunathilaka/development/ros/gem_cutter_manipulator/install/gem_cutter_gazebo
[1.806s] Invoking command in '/home/kiran_gunathilaka/development/ros/gem_cutter_manipulator/build/gem_cutter_gazebo': CMAKE_PREFIX_PATH=/home/kiran_gunathilaka/development/ros/gem_cutter_manipulator/install/gem_cutter_description:/home/kiran_gunathilaka/development/ros/gem_cutter_manipulator/install/gem_cutter_moveit_config:/home/kiran_gunathilaka/development/ros/gem_cutter_manipulator/install/gem_cutter_gazebo:/opt/ros/jazzy/opt/gz_sim_vendor:/opt/ros/jazzy/opt/gz_sensors_vendor:/opt/ros/jazzy/opt/gz_physics_vendor:/opt/ros/jazzy/opt/sdformat_vendor:/opt/ros/jazzy/opt/gz_gui_vendor:/opt/ros/jazzy/opt/gz_transport_vendor:/opt/ros/jazzy/opt/gz_rendering_vendor:/opt/ros/jazzy/opt/gz_plugin_vendor:/opt/ros/jazzy/opt/gz_fuel_tools_vendor:/opt/ros/jazzy/opt/gz_msgs_vendor:/opt/ros/jazzy/opt/gz_common_vendor:/opt/ros/jazzy/opt/gz_math_vendor:/opt/ros/jazzy/opt/gz_utils_vendor:/opt/ros/jazzy/opt/gz_tools_vendor:/opt/ros/jazzy/opt/gz_ogre_next_vendor:/opt/ros/jazzy/opt/gz_dartsim_vendor:/opt/ros/jazzy/opt/gz_cmake_vendor:/opt/ros/jazzy DEBUGINFOD_URLS=https://debuginfod.ubuntu.com /usr/bin/cmake --build /home/kiran_gunathilaka/development/ros/gem_cutter_manipulator/build/gem_cutter_gazebo -- -j12 -l12
[1.839s] Invoked command in '/home/kiran_gunathilaka/development/ros/gem_cutter_manipulator/build/gem_cutter_gazebo' returned '0': CMAKE_PREFIX_PATH=/home/kiran_gunathilaka/development/ros/gem_cutter_manipulator/install/gem_cutter_description:/home/kiran_gunathilaka/development/ros/gem_cutter_manipulator/install/gem_cutter_moveit_config:/home/kiran_gunathilaka/development/ros/gem_cutter_manipulator/install/gem_cutter_gazebo:/opt/ros/jazzy/opt/gz_sim_vendor:/opt/ros/jazzy/opt/gz_sensors_vendor:/opt/ros/jazzy/opt/gz_physics_vendor:/opt/ros/jazzy/opt/sdformat_vendor:/opt/ros/jazzy/opt/gz_gui_vendor:/opt/ros/jazzy/opt/gz_transport_vendor:/opt/ros/jazzy/opt/gz_rendering_vendor:/opt/ros/jazzy/opt/gz_plugin_vendor:/opt/ros/jazzy/opt/gz_fuel_tools_vendor:/opt/ros/jazzy/opt/gz_msgs_vendor:/opt/ros/jazzy/opt/gz_common_vendor:/opt/ros/jazzy/opt/gz_math_vendor:/opt/ros/jazzy/opt/gz_utils_vendor:/opt/ros/jazzy/opt/gz_tools_vendor:/opt/ros/jazzy/opt/gz_ogre_next_vendor:/opt/ros/jazzy/opt/gz_dartsim_vendor:/opt/ros/jazzy/opt/gz_cmake_vendor:/opt/ros/jazzy DEBUGINFOD_URLS=https://debuginfod.ubuntu.com /usr/bin/cmake --build /home/kiran_gunathilaka/development/ros/gem_cutter_manipulator/build/gem_cutter_gazebo -- -j12 -l12
[1.840s] Invoking command in '/home/kiran_gunathilaka/development/ros/gem_cutter_manipulator/build/gem_cutter_gazebo': CMAKE_PREFIX_PATH=/home/kiran_gunathilaka/development/ros/gem_cutter_manipulator/install/gem_cutter_description:/home/kiran_gunathilaka/development/ros/gem_cutter_manipulator/install/gem_cutter_moveit_config:/home/kiran_gunathilaka/development/ros/gem_cutter_manipulator/install/gem_cutter_gazebo:/opt/ros/jazzy/opt/gz_sim_vendor:/opt/ros/jazzy/opt/gz_sensors_vendor:/opt/ros/jazzy/opt/gz_physics_vendor:/opt/ros/jazzy/opt/sdformat_vendor:/opt/ros/jazzy/opt/gz_gui_vendor:/opt/ros/jazzy/opt/gz_transport_vendor:/opt/ros/jazzy/opt/gz_rendering_vendor:/opt/ros/jazzy/opt/gz_plugin_vendor:/opt/ros/jazzy/opt/gz_fuel_tools_vendor:/opt/ros/jazzy/opt/gz_msgs_vendor:/opt/ros/jazzy/opt/gz_common_vendor:/opt/ros/jazzy/opt/gz_math_vendor:/opt/ros/jazzy/opt/gz_utils_vendor:/opt/ros/jazzy/opt/gz_tools_vendor:/opt/ros/jazzy/opt/gz_ogre_next_vendor:/opt/ros/jazzy/opt/gz_dartsim_vendor:/opt/ros/jazzy/opt/gz_cmake_vendor:/opt/ros/jazzy DEBUGINFOD_URLS=https://debuginfod.ubuntu.com /usr/bin/cmake --install /home/kiran_gunathilaka/development/ros/gem_cutter_manipulator/build/gem_cutter_gazebo
[1.845s] -- Install configuration: ""
[1.846s] -- Execute custom install script
[1.846s] -- Symlinking: /home/kiran_gunathilaka/development/ros/gem_cutter_manipulator/install/gem_cutter_gazebo/share/gem_cutter_gazebo/worlds/gem_cutter_world.sdf
[1.853s] -- Symlinking: /home/kiran_gunathilaka/development/ros/gem_cutter_manipulator/install/gem_cutter_gazebo/share/gem_cutter_gazebo/launch/sim.launch.py
[1.859s] -- Symlinking: /home/kiran_gunathilaka/development/ros/gem_cutter_manipulator/install/gem_cutter_gazebo/share/gem_cutter_gazebo/launch/sim_with_moveit.launch.py
[1.866s] -- Symlinking: /home/kiran_gunathilaka/development/ros/gem_cutter_manipulator/install/gem_cutter_gazebo/share/ament_index/resource_index/package_run_dependencies/gem_cutter_gazebo
[1.872s] -- Symlinking: /home/kiran_gunathilaka/development/ros/gem_cutter_manipulator/install/gem_cutter_gazebo/share/ament_index/resource_index/parent_prefix_path/gem_cutter_gazebo
[1.880s] -- Symlinking: /home/kiran_gunathilaka/development/ros/gem_cutter_manipulator/install/gem_cutter_gazebo/share/gem_cutter_gazebo/environment/ament_prefix_path.sh
[1.887s] -- Symlinking: /home/kiran_gunathilaka/development/ros/gem_cutter_manipulator/install/gem_cutter_gazebo/share/gem_cutter_gazebo/environment/ament_prefix_path.dsv
[1.894s] -- Symlinking: /home/kiran_gunathilaka/development/ros/gem_cutter_manipulator/install/gem_cutter_gazebo/share/gem_cutter_gazebo/environment/path.sh
[1.901s] -- Symlinking: /home/kiran_gunathilaka/development/ros/gem_cutter_manipulator/install/gem_cutter_gazebo/share/gem_cutter_gazebo/environment/path.dsv
[1.907s] -- Symlinking: /home/kiran_gunathilaka/development/ros/gem_cutter_manipulator/install/gem_cutter_gazebo/share/gem_cutter_gazebo/local_setup.bash
[1.914s] -- Symlinking: /home/kiran_gunathilaka/development/ros/gem_cutter_manipulator/install/gem_cutter_gazebo/share/gem_cutter_gazebo/local_setup.sh
[1.920s] -- Symlinking: /home/kiran_gunathilaka/development/ros/gem_cutter_manipulator/install/gem_cutter_gazebo/share/gem_cutter_gazebo/local_setup.zsh
[1.928s] -- Symlinking: /home/kiran_gunathilaka/development/ros/gem_cutter_manipulator/install/gem_cutter_gazebo/share/gem_cutter_gazebo/local_setup.dsv
[1.934s] -- Symlinking: /home/kiran_gunathilaka/development/ros/gem_cutter_manipulator/install/gem_cutter_gazebo/share/gem_cutter_gazebo/package.dsv
[1.941s] -- Symlinking: /home/kiran_gunathilaka/development/ros/gem_cutter_manipulator/install/gem_cutter_gazebo/share/ament_index/resource_index/packages/gem_cutter_gazebo
[1.948s] -- Symlinking: /home/kiran_gunathilaka/development/ros/gem_cutter_manipulator/install/gem_cutter_gazebo/share/gem_cutter_gazebo/cmake/gem_cutter_gazeboConfig.cmake
[1.958s] -- Symlinking: /home/kiran_gunathilaka/development/ros/gem_cutter_manipulator/install/gem_cutter_gazebo/share/gem_cutter_gazebo/cmake/gem_cutter_gazeboConfig-version.cmake
[1.967s] -- Symlinking: /home/kiran_gunathilaka/development/ros/gem_cutter_manipulator/install/gem_cutter_gazebo/share/gem_cutter_gazebo/package.xml
[1.980s] Invoked command in '/home/kiran_gunathilaka/development/ros/gem_cutter_manipulator/build/gem_cutter_gazebo' returned '0': CMAKE_PREFIX_PATH=/home/kiran_gunathilaka/development/ros/gem_cutter_manipulator/install/gem_cutter_description:/home/kiran_gunathilaka/development/ros/gem_cutter_manipulator/install/gem_cutter_moveit_config:/home/kiran_gunathilaka/development/ros/gem_cutter_manipulator/install/gem_cutter_gazebo:/opt/ros/jazzy/opt/gz_sim_vendor:/opt/ros/jazzy/opt/gz_sensors_vendor:/opt/ros/jazzy/opt/gz_physics_vendor:/opt/ros/jazzy/opt/sdformat_vendor:/opt/ros/jazzy/opt/gz_gui_vendor:/opt/ros/jazzy/opt/gz_transport_vendor:/opt/ros/jazzy/opt/gz_rendering_vendor:/opt/ros/jazzy/opt/gz_plugin_vendor:/opt/ros/jazzy/opt/gz_fuel_tools_vendor:/opt/ros/jazzy/opt/gz_msgs_vendor:/opt/ros/jazzy/opt/gz_common_vendor:/opt/ros/jazzy/opt/gz_math_vendor:/opt/ros/jazzy/opt/gz_utils_vendor:/opt/ros/jazzy/opt/gz_tools_vendor:/opt/ros/jazzy/opt/gz_ogre_next_vendor:/opt/ros/jazzy/opt/gz_dartsim_vendor:/opt/ros/jazzy/opt/gz_cmake_vendor:/opt/ros/jazzy DEBUGINFOD_URLS=https://debuginfod.ubuntu.com /usr/bin/cmake --install /home/kiran_gunathilaka/development/ros/gem_cutter_manipulator/build/gem_cutter_gazebo
