[0.008s] Invoking command in '/home/kiran_gunathilaka/development/ros/gem_cutter_manipulator/build/gem_cutter_gazebo': AMENT_PREFIX_PATH=/home/kiran_gunathilaka/development/ros/gem_cutter_manipulator/install/gem_cutter_description:${AMENT_PREFIX_PATH} CMAKE_PREFIX_PATH=/home/kiran_gunathilaka/development/ros/gem_cutter_manipulator/install/gem_cutter_description:/opt/ros/jazzy/opt/gz_sim_vendor:/opt/ros/jazzy/opt/gz_sensors_vendor:/opt/ros/jazzy/opt/gz_physics_vendor:/opt/ros/jazzy/opt/sdformat_vendor:/opt/ros/jazzy/opt/gz_gui_vendor:/opt/ros/jazzy/opt/gz_transport_vendor:/opt/ros/jazzy/opt/gz_rendering_vendor:/opt/ros/jazzy/opt/gz_plugin_vendor:/opt/ros/jazzy/opt/gz_fuel_tools_vendor:/opt/ros/jazzy/opt/gz_msgs_vendor:/opt/ros/jazzy/opt/gz_common_vendor:/opt/ros/jazzy/opt/gz_math_vendor:/opt/ros/jazzy/opt/gz_utils_vendor:/opt/ros/jazzy/opt/gz_tools_vendor:/opt/ros/jazzy/opt/gz_ogre_next_vendor:/opt/ros/jazzy/opt/gz_dartsim_vendor:/opt/ros/jazzy/opt/gz_cmake_vendor:/opt/ros/jazzy DEBUGINFOD_URLS=https://debuginfod.ubuntu.com /usr/bin/cmake /home/kiran_gunathilaka/development/ros/gem_cutter_manipulator/src/gem_cutter_gazebo -DAMENT_CMAKE_SYMLINK_INSTALL=1 -DCMAKE_INSTALL_PREFIX=/home/kiran_gunathilaka/development/ros/gem_cutter_manipulator/install/gem_cutter_gazebo
[0.053s] -- The C compiler identification is GNU 13.3.0
[0.103s] -- The CXX compiler identification is GNU 13.3.0
[0.119s] -- Detecting C compiler ABI info
[0.182s] -- Detecting C compiler ABI info - done
[0.191s] -- Check for working C compiler: /usr/lib/ccache/cc - skipped
[0.192s] -- Detecting C compile features
[0.192s] -- Detecting C compile features - done
[0.201s] -- Detecting CXX compiler ABI info
[0.284s] -- Detecting CXX compiler ABI info - done
[0.294s] -- Check for working CXX compiler: /usr/lib/ccache/c++ - skipped
[0.294s] -- Detecting CXX compile features
[0.295s] -- Detecting CXX compile features - done
[0.300s] -- Found ament_cmake: 2.5.4 (/opt/ros/jazzy/share/ament_cmake/cmake)
[0.450s] -- Found Python3: /usr/bin/python3 (found version "3.12.3") found components: Interpreter 
[0.524s] -- Override CMake install command with custom implementation using symlinks instead of copying resources
[0.576s] -- Found ros_gz_sim: 1.0.16 (/opt/ros/jazzy/share/ros_gz_sim/cmake)
[0.637s] -- Found rosidl_generator_c: 4.6.6 (/opt/ros/jazzy/share/rosidl_generator_c/cmake)
[0.655s] -- Found rosidl_generator_cpp: 4.6.6 (/opt/ros/jazzy/share/rosidl_generator_cpp/cmake)
[0.676s] -- Using all available rosidl_typesupport_c: rosidl_typesupport_fastrtps_c;rosidl_typesupport_introspection_c
[0.699s] -- Using all available rosidl_typesupport_cpp: rosidl_typesupport_fastrtps_cpp;rosidl_typesupport_introspection_cpp
[0.797s] -- Found rmw_implementation_cmake: 7.3.2 (/opt/ros/jazzy/share/rmw_implementation_cmake/cmake)
[0.802s] -- Found rmw_cyclonedds_cpp: 2.2.3 (/opt/ros/jazzy/share/rmw_cyclonedds_cpp/cmake)
[0.839s] -- Using RMW implementation 'rmw_cyclonedds_cpp' as default
[1.130s] -- Found ros_gz_bridge: 1.0.16 (/opt/ros/jazzy/share/ros_gz_bridge/cmake)
[1.157s] -- Looking for gz-msgs10 -- found version 10.3.2
[1.168s] -- Searching for dependencies of gz-msgs10
[1.298s] -- Found Protobuf: /usr/lib/x86_64-linux-gnu/libprotobuf.so (found version "3.21.12") 
[1.301s] -- Looking for gz-utils2 -- found version 2.2.1
[1.301s] -- Searching for dependencies of gz-utils2
[1.304s] -- Looking for gz-math7 -- found version 7.5.2
[1.304s] -- Searching for dependencies of gz-math7
[1.304s] -- Looking for gz-utils2 -- found version 2.2.1
[1.310s] -- Checking for module 'tinyxml2'
[1.324s] --   Found tinyxml2, version 10.0.0
[1.355s] -- Looking for gz-transport13 -- found version 13.5.0
[1.356s] -- Searching for dependencies of gz-transport13
[1.388s] -- Config-file not installed for ZeroMQ -- checking for pkg-config
[1.392s] -- Checking for module 'libzmq >= 4'
[1.404s] --   Found libzmq, version 4.3.5
[1.434s] -- Found ZeroMQ: TRUE (Required is at least version "4") 
[1.439s] -- Checking for module 'uuid'
[1.451s] --   Found uuid, version 2.39.3
[1.477s] -- Found UUID: TRUE  
[1.478s] -- Looking for gz-utils2 -- found version 2.2.1
[1.478s] -- Searching for dependencies of gz-utils2
[1.478s] -- Searching for <gz-utils2> component [cli]
[1.480s] -- Looking for gz-utils2-cli -- found version 2.2.1
[1.480s] -- Searching for dependencies of gz-utils2-cli
[1.481s] -- Looking for gz-msgs10 -- found version 10.3.2
[1.699s] -- Found gem_cutter_description: 0.0.0 (/home/kiran_gunathilaka/development/ros/gem_cutter_manipulator/install/gem_cutter_description/share/gem_cutter_description/cmake)
[1.702s] -- Found ament_lint_auto: 0.17.3 (/opt/ros/jazzy/share/ament_lint_auto/cmake)
[1.818s] -- Added test 'flake8' to check Python code syntax and style conventions
[1.819s] -- Configured 'flake8' exclude dirs and/or files: 
[1.820s] -- Added test 'lint_cmake' to check CMake code style
[1.821s] -- Added test 'pep257' to check Python code against some of the docstring style conventions in PEP 257
[1.822s] -- Added test 'xmllint' to check XML markup files
[1.824s] -- Configuring done (1.8s)
[1.830s] -- Generating done (0.0s)
[1.832s] -- Build files have been written to: /home/kiran_gunathilaka/development/ros/gem_cutter_manipulator/build/gem_cutter_gazebo
[1.845s] Invoked command in '/home/kiran_gunathilaka/development/ros/gem_cutter_manipulator/build/gem_cutter_gazebo' returned '0': AMENT_PREFIX_PATH=/home/kiran_gunathilaka/development/ros/gem_cutter_manipulator/install/gem_cutter_description:${AMENT_PREFIX_PATH} CMAKE_PREFIX_PATH=/home/kiran_gunathilaka/development/ros/gem_cutter_manipulator/install/gem_cutter_description:/opt/ros/jazzy/opt/gz_sim_vendor:/opt/ros/jazzy/opt/gz_sensors_vendor:/opt/ros/jazzy/opt/gz_physics_vendor:/opt/ros/jazzy/opt/sdformat_vendor:/opt/ros/jazzy/opt/gz_gui_vendor:/opt/ros/jazzy/opt/gz_transport_vendor:/opt/ros/jazzy/opt/gz_rendering_vendor:/opt/ros/jazzy/opt/gz_plugin_vendor:/opt/ros/jazzy/opt/gz_fuel_tools_vendor:/opt/ros/jazzy/opt/gz_msgs_vendor:/opt/ros/jazzy/opt/gz_common_vendor:/opt/ros/jazzy/opt/gz_math_vendor:/opt/ros/jazzy/opt/gz_utils_vendor:/opt/ros/jazzy/opt/gz_tools_vendor:/opt/ros/jazzy/opt/gz_ogre_next_vendor:/opt/ros/jazzy/opt/gz_dartsim_vendor:/opt/ros/jazzy/opt/gz_cmake_vendor:/opt/ros/jazzy DEBUGINFOD_URLS=https://debuginfod.ubuntu.com /usr/bin/cmake /home/kiran_gunathilaka/development/ros/gem_cutter_manipulator/src/gem_cutter_gazebo -DAMENT_CMAKE_SYMLINK_INSTALL=1 -DCMAKE_INSTALL_PREFIX=/home/kiran_gunathilaka/development/ros/gem_cutter_manipulator/install/gem_cutter_gazebo
[1.846s] Invoking command in '/home/kiran_gunathilaka/development/ros/gem_cutter_manipulator/build/gem_cutter_gazebo': AMENT_PREFIX_PATH=/home/kiran_gunathilaka/development/ros/gem_cutter_manipulator/install/gem_cutter_description:${AMENT_PREFIX_PATH} CMAKE_PREFIX_PATH=/home/kiran_gunathilaka/development/ros/gem_cutter_manipulator/install/gem_cutter_description:/opt/ros/jazzy/opt/gz_sim_vendor:/opt/ros/jazzy/opt/gz_sensors_vendor:/opt/ros/jazzy/opt/gz_physics_vendor:/opt/ros/jazzy/opt/sdformat_vendor:/opt/ros/jazzy/opt/gz_gui_vendor:/opt/ros/jazzy/opt/gz_transport_vendor:/opt/ros/jazzy/opt/gz_rendering_vendor:/opt/ros/jazzy/opt/gz_plugin_vendor:/opt/ros/jazzy/opt/gz_fuel_tools_vendor:/opt/ros/jazzy/opt/gz_msgs_vendor:/opt/ros/jazzy/opt/gz_common_vendor:/opt/ros/jazzy/opt/gz_math_vendor:/opt/ros/jazzy/opt/gz_utils_vendor:/opt/ros/jazzy/opt/gz_tools_vendor:/opt/ros/jazzy/opt/gz_ogre_next_vendor:/opt/ros/jazzy/opt/gz_dartsim_vendor:/opt/ros/jazzy/opt/gz_cmake_vendor:/opt/ros/jazzy DEBUGINFOD_URLS=https://debuginfod.ubuntu.com /usr/bin/cmake --build /home/kiran_gunathilaka/development/ros/gem_cutter_manipulator/build/gem_cutter_gazebo -- -j12 -l12
[1.884s] Invoked command in '/home/kiran_gunathilaka/development/ros/gem_cutter_manipulator/build/gem_cutter_gazebo' returned '0': AMENT_PREFIX_PATH=/home/kiran_gunathilaka/development/ros/gem_cutter_manipulator/install/gem_cutter_description:${AMENT_PREFIX_PATH} CMAKE_PREFIX_PATH=/home/kiran_gunathilaka/development/ros/gem_cutter_manipulator/install/gem_cutter_description:/opt/ros/jazzy/opt/gz_sim_vendor:/opt/ros/jazzy/opt/gz_sensors_vendor:/opt/ros/jazzy/opt/gz_physics_vendor:/opt/ros/jazzy/opt/sdformat_vendor:/opt/ros/jazzy/opt/gz_gui_vendor:/opt/ros/jazzy/opt/gz_transport_vendor:/opt/ros/jazzy/opt/gz_rendering_vendor:/opt/ros/jazzy/opt/gz_plugin_vendor:/opt/ros/jazzy/opt/gz_fuel_tools_vendor:/opt/ros/jazzy/opt/gz_msgs_vendor:/opt/ros/jazzy/opt/gz_common_vendor:/opt/ros/jazzy/opt/gz_math_vendor:/opt/ros/jazzy/opt/gz_utils_vendor:/opt/ros/jazzy/opt/gz_tools_vendor:/opt/ros/jazzy/opt/gz_ogre_next_vendor:/opt/ros/jazzy/opt/gz_dartsim_vendor:/opt/ros/jazzy/opt/gz_cmake_vendor:/opt/ros/jazzy DEBUGINFOD_URLS=https://debuginfod.ubuntu.com /usr/bin/cmake --build /home/kiran_gunathilaka/development/ros/gem_cutter_manipulator/build/gem_cutter_gazebo -- -j12 -l12
[1.885s] Invoking command in '/home/kiran_gunathilaka/development/ros/gem_cutter_manipulator/build/gem_cutter_gazebo': AMENT_PREFIX_PATH=/home/kiran_gunathilaka/development/ros/gem_cutter_manipulator/install/gem_cutter_description:${AMENT_PREFIX_PATH} CMAKE_PREFIX_PATH=/home/kiran_gunathilaka/development/ros/gem_cutter_manipulator/install/gem_cutter_description:/opt/ros/jazzy/opt/gz_sim_vendor:/opt/ros/jazzy/opt/gz_sensors_vendor:/opt/ros/jazzy/opt/gz_physics_vendor:/opt/ros/jazzy/opt/sdformat_vendor:/opt/ros/jazzy/opt/gz_gui_vendor:/opt/ros/jazzy/opt/gz_transport_vendor:/opt/ros/jazzy/opt/gz_rendering_vendor:/opt/ros/jazzy/opt/gz_plugin_vendor:/opt/ros/jazzy/opt/gz_fuel_tools_vendor:/opt/ros/jazzy/opt/gz_msgs_vendor:/opt/ros/jazzy/opt/gz_common_vendor:/opt/ros/jazzy/opt/gz_math_vendor:/opt/ros/jazzy/opt/gz_utils_vendor:/opt/ros/jazzy/opt/gz_tools_vendor:/opt/ros/jazzy/opt/gz_ogre_next_vendor:/opt/ros/jazzy/opt/gz_dartsim_vendor:/opt/ros/jazzy/opt/gz_cmake_vendor:/opt/ros/jazzy DEBUGINFOD_URLS=https://debuginfod.ubuntu.com /usr/bin/cmake --install /home/kiran_gunathilaka/development/ros/gem_cutter_manipulator/build/gem_cutter_gazebo
[1.893s] -- Install configuration: ""
[1.893s] -- Execute custom install script
[1.893s] -- Symlinking: /home/kiran_gunathilaka/development/ros/gem_cutter_manipulator/install/gem_cutter_gazebo/share/gem_cutter_gazebo/worlds/gem_cutter_world.sdf
[1.900s] -- Symlinking: /home/kiran_gunathilaka/development/ros/gem_cutter_manipulator/install/gem_cutter_gazebo/share/gem_cutter_gazebo/launch/sim.launch.py
[1.909s] -- Symlinking: /home/kiran_gunathilaka/development/ros/gem_cutter_manipulator/install/gem_cutter_gazebo/share/ament_index/resource_index/package_run_dependencies/gem_cutter_gazebo
[1.916s] -- Symlinking: /home/kiran_gunathilaka/development/ros/gem_cutter_manipulator/install/gem_cutter_gazebo/share/ament_index/resource_index/parent_prefix_path/gem_cutter_gazebo
[1.924s] -- Symlinking: /home/kiran_gunathilaka/development/ros/gem_cutter_manipulator/install/gem_cutter_gazebo/share/gem_cutter_gazebo/environment/ament_prefix_path.sh
[1.932s] -- Symlinking: /home/kiran_gunathilaka/development/ros/gem_cutter_manipulator/install/gem_cutter_gazebo/share/gem_cutter_gazebo/environment/ament_prefix_path.dsv
[1.939s] -- Symlinking: /home/kiran_gunathilaka/development/ros/gem_cutter_manipulator/install/gem_cutter_gazebo/share/gem_cutter_gazebo/environment/path.sh
[1.945s] -- Symlinking: /home/kiran_gunathilaka/development/ros/gem_cutter_manipulator/install/gem_cutter_gazebo/share/gem_cutter_gazebo/environment/path.dsv
[1.952s] -- Symlinking: /home/kiran_gunathilaka/development/ros/gem_cutter_manipulator/install/gem_cutter_gazebo/share/gem_cutter_gazebo/local_setup.bash
[1.960s] -- Symlinking: /home/kiran_gunathilaka/development/ros/gem_cutter_manipulator/install/gem_cutter_gazebo/share/gem_cutter_gazebo/local_setup.sh
[1.968s] -- Symlinking: /home/kiran_gunathilaka/development/ros/gem_cutter_manipulator/install/gem_cutter_gazebo/share/gem_cutter_gazebo/local_setup.zsh
[1.975s] -- Symlinking: /home/kiran_gunathilaka/development/ros/gem_cutter_manipulator/install/gem_cutter_gazebo/share/gem_cutter_gazebo/local_setup.dsv
[1.982s] -- Symlinking: /home/kiran_gunathilaka/development/ros/gem_cutter_manipulator/install/gem_cutter_gazebo/share/gem_cutter_gazebo/package.dsv
[1.989s] -- Symlinking: /home/kiran_gunathilaka/development/ros/gem_cutter_manipulator/install/gem_cutter_gazebo/share/ament_index/resource_index/packages/gem_cutter_gazebo
[1.996s] -- Symlinking: /home/kiran_gunathilaka/development/ros/gem_cutter_manipulator/install/gem_cutter_gazebo/share/gem_cutter_gazebo/cmake/gem_cutter_gazeboConfig.cmake
[2.003s] -- Symlinking: /home/kiran_gunathilaka/development/ros/gem_cutter_manipulator/install/gem_cutter_gazebo/share/gem_cutter_gazebo/cmake/gem_cutter_gazeboConfig-version.cmake
[2.010s] -- Symlinking: /home/kiran_gunathilaka/development/ros/gem_cutter_manipulator/install/gem_cutter_gazebo/share/gem_cutter_gazebo/package.xml
[2.018s] Invoked command in '/home/kiran_gunathilaka/development/ros/gem_cutter_manipulator/build/gem_cutter_gazebo' returned '0': AMENT_PREFIX_PATH=/home/kiran_gunathilaka/development/ros/gem_cutter_manipulator/install/gem_cutter_description:${AMENT_PREFIX_PATH} CMAKE_PREFIX_PATH=/home/kiran_gunathilaka/development/ros/gem_cutter_manipulator/install/gem_cutter_description:/opt/ros/jazzy/opt/gz_sim_vendor:/opt/ros/jazzy/opt/gz_sensors_vendor:/opt/ros/jazzy/opt/gz_physics_vendor:/opt/ros/jazzy/opt/sdformat_vendor:/opt/ros/jazzy/opt/gz_gui_vendor:/opt/ros/jazzy/opt/gz_transport_vendor:/opt/ros/jazzy/opt/gz_rendering_vendor:/opt/ros/jazzy/opt/gz_plugin_vendor:/opt/ros/jazzy/opt/gz_fuel_tools_vendor:/opt/ros/jazzy/opt/gz_msgs_vendor:/opt/ros/jazzy/opt/gz_common_vendor:/opt/ros/jazzy/opt/gz_math_vendor:/opt/ros/jazzy/opt/gz_utils_vendor:/opt/ros/jazzy/opt/gz_tools_vendor:/opt/ros/jazzy/opt/gz_ogre_next_vendor:/opt/ros/jazzy/opt/gz_dartsim_vendor:/opt/ros/jazzy/opt/gz_cmake_vendor:/opt/ros/jazzy DEBUGINFOD_URLS=https://debuginfod.ubuntu.com /usr/bin/cmake --install /home/kiran_gunathilaka/development/ros/gem_cutter_manipulator/build/gem_cutter_gazebo
