[0.008s] Invoking command in '/home/kiran_gunathilaka/development/ros/gem_cutter_manipulator/build/gem_cutter_gazebo': CMAKE_PREFIX_PATH=/home/kiran_gunathilaka/development/ros/gem_cutter_manipulator/install/gem_cutter_description:/home/kiran_gunathilaka/development/ros/gem_cutter_manipulator/install/gem_cutter_moveit_config:/home/kiran_gunathilaka/development/ros/gem_cutter_manipulator/install/gem_cutter_gazebo:/opt/ros/jazzy/opt/gz_sim_vendor:/opt/ros/jazzy/opt/gz_sensors_vendor:/opt/ros/jazzy/opt/gz_physics_vendor:/opt/ros/jazzy/opt/sdformat_vendor:/opt/ros/jazzy/opt/gz_gui_vendor:/opt/ros/jazzy/opt/gz_transport_vendor:/opt/ros/jazzy/opt/gz_rendering_vendor:/opt/ros/jazzy/opt/gz_plugin_vendor:/opt/ros/jazzy/opt/gz_fuel_tools_vendor:/opt/ros/jazzy/opt/gz_msgs_vendor:/opt/ros/jazzy/opt/gz_common_vendor:/opt/ros/jazzy/opt/gz_math_vendor:/opt/ros/jazzy/opt/gz_utils_vendor:/opt/ros/jazzy/opt/gz_tools_vendor:/opt/ros/jazzy/opt/gz_ogre_next_vendor:/opt/ros/jazzy/opt/gz_dartsim_vendor:/opt/ros/jazzy/opt/gz_cmake_vendor:/opt/ros/jazzy DEBUGINFOD_URLS=https://debuginfod.ubuntu.com /usr/bin/cmake /home/kiran_gunathilaka/development/ros/gem_cutter_manipulator/src/gem_cutter_gazebo -DAMENT_CMAKE_SYMLINK_INSTALL=1 -DCMAKE_INSTALL_PREFIX=/home/kiran_gunathilaka/development/ros/gem_cutter_manipulator/install/gem_cutter_gazebo
[0.053s] -- The C compiler identification is GNU 13.3.0
[0.101s] -- The CXX compiler identification is GNU 13.3.0
[0.116s] -- Detecting C compiler ABI info
[0.174s] -- Detecting C compiler ABI info - done
[0.182s] -- Check for working C compiler: /usr/lib/ccache/cc - skipped
[0.182s] -- Detecting C compile features
[0.182s] -- Detecting C compile features - done
[0.190s] -- Detecting CXX compiler ABI info
[0.258s] -- Detecting CXX compiler ABI info - done
[0.267s] -- Check for working CXX compiler: /usr/lib/ccache/c++ - skipped
[0.267s] -- Detecting CXX compile features
[0.267s] -- Detecting CXX compile features - done
[0.271s] -- Found ament_cmake: 2.5.4 (/opt/ros/jazzy/share/ament_cmake/cmake)
[0.396s] -- Found Python3: /usr/bin/python3 (found version "3.12.3") found components: Interpreter 
[0.458s] -- Override CMake install command with custom implementation using symlinks instead of copying resources
[0.503s] -- Found ros_gz_sim: 1.0.16 (/opt/ros/jazzy/share/ros_gz_sim/cmake)
[0.555s] -- Found rosidl_generator_c: 4.6.6 (/opt/ros/jazzy/share/rosidl_generator_c/cmake)
[0.571s] -- Found rosidl_generator_cpp: 4.6.6 (/opt/ros/jazzy/share/rosidl_generator_cpp/cmake)
[0.590s] -- Using all available rosidl_typesupport_c: rosidl_typesupport_fastrtps_c;rosidl_typesupport_introspection_c
[0.611s] -- Using all available rosidl_typesupport_cpp: rosidl_typesupport_fastrtps_cpp;rosidl_typesupport_introspection_cpp
[0.699s] -- Found rmw_implementation_cmake: 7.3.2 (/opt/ros/jazzy/share/rmw_implementation_cmake/cmake)
[0.703s] -- Found rmw_cyclonedds_cpp: 2.2.3 (/opt/ros/jazzy/share/rmw_cyclonedds_cpp/cmake)
[0.742s] -- Using RMW implementation 'rmw_cyclonedds_cpp' as default
[1.009s] -- Found ros_gz_bridge: 1.0.16 (/opt/ros/jazzy/share/ros_gz_bridge/cmake)
[1.030s] -- Looking for gz-msgs10 -- found version 10.3.2
[1.036s] -- Searching for dependencies of gz-msgs10
[1.147s] -- Found Protobuf: /usr/lib/x86_64-linux-gnu/libprotobuf.so (found version "3.21.12") 
[1.149s] -- Looking for gz-utils2 -- found version 2.2.1
[1.149s] -- Searching for dependencies of gz-utils2
[1.152s] -- Looking for gz-math7 -- found version 7.5.2
[1.152s] -- Searching for dependencies of gz-math7
[1.152s] -- Looking for gz-utils2 -- found version 2.2.1
[1.158s] -- Checking for module 'tinyxml2'
[1.168s] --   Found tinyxml2, version 10.0.0
[1.196s] -- Looking for gz-transport13 -- found version 13.5.0
[1.196s] -- Searching for dependencies of gz-transport13
[1.224s] -- Config-file not installed for ZeroMQ -- checking for pkg-config
[1.227s] -- Checking for module 'libzmq >= 4'
[1.238s] --   Found libzmq, version 4.3.5
[1.265s] -- Found ZeroMQ: TRUE (Required is at least version "4") 
[1.269s] -- Checking for module 'uuid'
[1.279s] --   Found uuid, version 2.39.3
[1.302s] -- Found UUID: TRUE  
[1.302s] -- Looking for gz-utils2 -- found version 2.2.1
[1.302s] -- Searching for dependencies of gz-utils2
[1.302s] -- Searching for <gz-utils2> component [cli]
[1.304s] -- Looking for gz-utils2-cli -- found version 2.2.1
[1.304s] -- Searching for dependencies of gz-utils2-cli
[1.305s] -- Looking for gz-msgs10 -- found version 10.3.2
[1.476s] -- Found gem_cutter_description: 0.0.0 (/home/kiran_gunathilaka/development/ros/gem_cutter_manipulator/install/gem_cutter_description/share/gem_cutter_description/cmake)
[1.479s] -- Found ament_lint_auto: 0.17.3 (/opt/ros/jazzy/share/ament_lint_auto/cmake)
[1.581s] -- Added test 'flake8' to check Python code syntax and style conventions
[1.581s] -- Configured 'flake8' exclude dirs and/or files: 
[1.582s] -- Added test 'lint_cmake' to check CMake code style
[1.582s] -- Added test 'pep257' to check Python code against some of the docstring style conventions in PEP 257
[1.584s] -- Added test 'xmllint' to check XML markup files
[1.585s] -- Configuring done (1.6s)
[1.590s] -- Generating done (0.0s)
[1.592s] -- Build files have been written to: /home/kiran_gunathilaka/development/ros/gem_cutter_manipulator/build/gem_cutter_gazebo
[1.603s] Invoked command in '/home/kiran_gunathilaka/development/ros/gem_cutter_manipulator/build/gem_cutter_gazebo' returned '0': CMAKE_PREFIX_PATH=/home/kiran_gunathilaka/development/ros/gem_cutter_manipulator/install/gem_cutter_description:/home/kiran_gunathilaka/development/ros/gem_cutter_manipulator/install/gem_cutter_moveit_config:/home/kiran_gunathilaka/development/ros/gem_cutter_manipulator/install/gem_cutter_gazebo:/opt/ros/jazzy/opt/gz_sim_vendor:/opt/ros/jazzy/opt/gz_sensors_vendor:/opt/ros/jazzy/opt/gz_physics_vendor:/opt/ros/jazzy/opt/sdformat_vendor:/opt/ros/jazzy/opt/gz_gui_vendor:/opt/ros/jazzy/opt/gz_transport_vendor:/opt/ros/jazzy/opt/gz_rendering_vendor:/opt/ros/jazzy/opt/gz_plugin_vendor:/opt/ros/jazzy/opt/gz_fuel_tools_vendor:/opt/ros/jazzy/opt/gz_msgs_vendor:/opt/ros/jazzy/opt/gz_common_vendor:/opt/ros/jazzy/opt/gz_math_vendor:/opt/ros/jazzy/opt/gz_utils_vendor:/opt/ros/jazzy/opt/gz_tools_vendor:/opt/ros/jazzy/opt/gz_ogre_next_vendor:/opt/ros/jazzy/opt/gz_dartsim_vendor:/opt/ros/jazzy/opt/gz_cmake_vendor:/opt/ros/jazzy DEBUGINFOD_URLS=https://debuginfod.ubuntu.com /usr/bin/cmake /home/kiran_gunathilaka/development/ros/gem_cutter_manipulator/src/gem_cutter_gazebo -DAMENT_CMAKE_SYMLINK_INSTALL=1 -DCMAKE_INSTALL_PREFIX=/home/kiran_gunathilaka/development/ros/gem_cutter_manipulator/install/gem_cutter_gazebo
[1.604s] Invoking command in '/home/kiran_gunathilaka/development/ros/gem_cutter_manipulator/build/gem_cutter_gazebo': CMAKE_PREFIX_PATH=/home/kiran_gunathilaka/development/ros/gem_cutter_manipulator/install/gem_cutter_description:/home/kiran_gunathilaka/development/ros/gem_cutter_manipulator/install/gem_cutter_moveit_config:/home/kiran_gunathilaka/development/ros/gem_cutter_manipulator/install/gem_cutter_gazebo:/opt/ros/jazzy/opt/gz_sim_vendor:/opt/ros/jazzy/opt/gz_sensors_vendor:/opt/ros/jazzy/opt/gz_physics_vendor:/opt/ros/jazzy/opt/sdformat_vendor:/opt/ros/jazzy/opt/gz_gui_vendor:/opt/ros/jazzy/opt/gz_transport_vendor:/opt/ros/jazzy/opt/gz_rendering_vendor:/opt/ros/jazzy/opt/gz_plugin_vendor:/opt/ros/jazzy/opt/gz_fuel_tools_vendor:/opt/ros/jazzy/opt/gz_msgs_vendor:/opt/ros/jazzy/opt/gz_common_vendor:/opt/ros/jazzy/opt/gz_math_vendor:/opt/ros/jazzy/opt/gz_utils_vendor:/opt/ros/jazzy/opt/gz_tools_vendor:/opt/ros/jazzy/opt/gz_ogre_next_vendor:/opt/ros/jazzy/opt/gz_dartsim_vendor:/opt/ros/jazzy/opt/gz_cmake_vendor:/opt/ros/jazzy DEBUGINFOD_URLS=https://debuginfod.ubuntu.com /usr/bin/cmake --build /home/kiran_gunathilaka/development/ros/gem_cutter_manipulator/build/gem_cutter_gazebo -- -j12 -l12
[1.637s] Invoked command in '/home/kiran_gunathilaka/development/ros/gem_cutter_manipulator/build/gem_cutter_gazebo' returned '0': CMAKE_PREFIX_PATH=/home/kiran_gunathilaka/development/ros/gem_cutter_manipulator/install/gem_cutter_description:/home/kiran_gunathilaka/development/ros/gem_cutter_manipulator/install/gem_cutter_moveit_config:/home/kiran_gunathilaka/development/ros/gem_cutter_manipulator/install/gem_cutter_gazebo:/opt/ros/jazzy/opt/gz_sim_vendor:/opt/ros/jazzy/opt/gz_sensors_vendor:/opt/ros/jazzy/opt/gz_physics_vendor:/opt/ros/jazzy/opt/sdformat_vendor:/opt/ros/jazzy/opt/gz_gui_vendor:/opt/ros/jazzy/opt/gz_transport_vendor:/opt/ros/jazzy/opt/gz_rendering_vendor:/opt/ros/jazzy/opt/gz_plugin_vendor:/opt/ros/jazzy/opt/gz_fuel_tools_vendor:/opt/ros/jazzy/opt/gz_msgs_vendor:/opt/ros/jazzy/opt/gz_common_vendor:/opt/ros/jazzy/opt/gz_math_vendor:/opt/ros/jazzy/opt/gz_utils_vendor:/opt/ros/jazzy/opt/gz_tools_vendor:/opt/ros/jazzy/opt/gz_ogre_next_vendor:/opt/ros/jazzy/opt/gz_dartsim_vendor:/opt/ros/jazzy/opt/gz_cmake_vendor:/opt/ros/jazzy DEBUGINFOD_URLS=https://debuginfod.ubuntu.com /usr/bin/cmake --build /home/kiran_gunathilaka/development/ros/gem_cutter_manipulator/build/gem_cutter_gazebo -- -j12 -l12
[1.638s] Invoking command in '/home/kiran_gunathilaka/development/ros/gem_cutter_manipulator/build/gem_cutter_gazebo': CMAKE_PREFIX_PATH=/home/kiran_gunathilaka/development/ros/gem_cutter_manipulator/install/gem_cutter_description:/home/kiran_gunathilaka/development/ros/gem_cutter_manipulator/install/gem_cutter_moveit_config:/home/kiran_gunathilaka/development/ros/gem_cutter_manipulator/install/gem_cutter_gazebo:/opt/ros/jazzy/opt/gz_sim_vendor:/opt/ros/jazzy/opt/gz_sensors_vendor:/opt/ros/jazzy/opt/gz_physics_vendor:/opt/ros/jazzy/opt/sdformat_vendor:/opt/ros/jazzy/opt/gz_gui_vendor:/opt/ros/jazzy/opt/gz_transport_vendor:/opt/ros/jazzy/opt/gz_rendering_vendor:/opt/ros/jazzy/opt/gz_plugin_vendor:/opt/ros/jazzy/opt/gz_fuel_tools_vendor:/opt/ros/jazzy/opt/gz_msgs_vendor:/opt/ros/jazzy/opt/gz_common_vendor:/opt/ros/jazzy/opt/gz_math_vendor:/opt/ros/jazzy/opt/gz_utils_vendor:/opt/ros/jazzy/opt/gz_tools_vendor:/opt/ros/jazzy/opt/gz_ogre_next_vendor:/opt/ros/jazzy/opt/gz_dartsim_vendor:/opt/ros/jazzy/opt/gz_cmake_vendor:/opt/ros/jazzy DEBUGINFOD_URLS=https://debuginfod.ubuntu.com /usr/bin/cmake --install /home/kiran_gunathilaka/development/ros/gem_cutter_manipulator/build/gem_cutter_gazebo
[1.644s] -- Install configuration: ""
[1.645s] -- Execute custom install script
[1.645s] -- Symlinking: /home/kiran_gunathilaka/development/ros/gem_cutter_manipulator/install/gem_cutter_gazebo/share/gem_cutter_gazebo/worlds/gem_cutter_world.sdf
[1.652s] -- Symlinking: /home/kiran_gunathilaka/development/ros/gem_cutter_manipulator/install/gem_cutter_gazebo/share/gem_cutter_gazebo/launch/sim.launch.py
[1.658s] -- Symlinking: /home/kiran_gunathilaka/development/ros/gem_cutter_manipulator/install/gem_cutter_gazebo/share/gem_cutter_gazebo/launch/sim_with_moveit.launch.py
[1.665s] -- Symlinking: /home/kiran_gunathilaka/development/ros/gem_cutter_manipulator/install/gem_cutter_gazebo/share/ament_index/resource_index/package_run_dependencies/gem_cutter_gazebo
[1.671s] -- Symlinking: /home/kiran_gunathilaka/development/ros/gem_cutter_manipulator/install/gem_cutter_gazebo/share/ament_index/resource_index/parent_prefix_path/gem_cutter_gazebo
[1.677s] -- Symlinking: /home/kiran_gunathilaka/development/ros/gem_cutter_manipulator/install/gem_cutter_gazebo/share/gem_cutter_gazebo/environment/ament_prefix_path.sh
[1.684s] -- Symlinking: /home/kiran_gunathilaka/development/ros/gem_cutter_manipulator/install/gem_cutter_gazebo/share/gem_cutter_gazebo/environment/ament_prefix_path.dsv
[1.690s] -- Symlinking: /home/kiran_gunathilaka/development/ros/gem_cutter_manipulator/install/gem_cutter_gazebo/share/gem_cutter_gazebo/environment/path.sh
[1.697s] -- Symlinking: /home/kiran_gunathilaka/development/ros/gem_cutter_manipulator/install/gem_cutter_gazebo/share/gem_cutter_gazebo/environment/path.dsv
[1.704s] -- Symlinking: /home/kiran_gunathilaka/development/ros/gem_cutter_manipulator/install/gem_cutter_gazebo/share/gem_cutter_gazebo/local_setup.bash
[1.710s] -- Symlinking: /home/kiran_gunathilaka/development/ros/gem_cutter_manipulator/install/gem_cutter_gazebo/share/gem_cutter_gazebo/local_setup.sh
[1.717s] -- Symlinking: /home/kiran_gunathilaka/development/ros/gem_cutter_manipulator/install/gem_cutter_gazebo/share/gem_cutter_gazebo/local_setup.zsh
[1.724s] -- Symlinking: /home/kiran_gunathilaka/development/ros/gem_cutter_manipulator/install/gem_cutter_gazebo/share/gem_cutter_gazebo/local_setup.dsv
[1.732s] -- Symlinking: /home/kiran_gunathilaka/development/ros/gem_cutter_manipulator/install/gem_cutter_gazebo/share/gem_cutter_gazebo/package.dsv
[1.739s] -- Symlinking: /home/kiran_gunathilaka/development/ros/gem_cutter_manipulator/install/gem_cutter_gazebo/share/ament_index/resource_index/packages/gem_cutter_gazebo
[1.745s] -- Symlinking: /home/kiran_gunathilaka/development/ros/gem_cutter_manipulator/install/gem_cutter_gazebo/share/gem_cutter_gazebo/cmake/gem_cutter_gazeboConfig.cmake
[1.751s] -- Symlinking: /home/kiran_gunathilaka/development/ros/gem_cutter_manipulator/install/gem_cutter_gazebo/share/gem_cutter_gazebo/cmake/gem_cutter_gazeboConfig-version.cmake
[1.758s] -- Symlinking: /home/kiran_gunathilaka/development/ros/gem_cutter_manipulator/install/gem_cutter_gazebo/share/gem_cutter_gazebo/package.xml
[1.766s] Invoked command in '/home/kiran_gunathilaka/development/ros/gem_cutter_manipulator/build/gem_cutter_gazebo' returned '0': CMAKE_PREFIX_PATH=/home/kiran_gunathilaka/development/ros/gem_cutter_manipulator/install/gem_cutter_description:/home/kiran_gunathilaka/development/ros/gem_cutter_manipulator/install/gem_cutter_moveit_config:/home/kiran_gunathilaka/development/ros/gem_cutter_manipulator/install/gem_cutter_gazebo:/opt/ros/jazzy/opt/gz_sim_vendor:/opt/ros/jazzy/opt/gz_sensors_vendor:/opt/ros/jazzy/opt/gz_physics_vendor:/opt/ros/jazzy/opt/sdformat_vendor:/opt/ros/jazzy/opt/gz_gui_vendor:/opt/ros/jazzy/opt/gz_transport_vendor:/opt/ros/jazzy/opt/gz_rendering_vendor:/opt/ros/jazzy/opt/gz_plugin_vendor:/opt/ros/jazzy/opt/gz_fuel_tools_vendor:/opt/ros/jazzy/opt/gz_msgs_vendor:/opt/ros/jazzy/opt/gz_common_vendor:/opt/ros/jazzy/opt/gz_math_vendor:/opt/ros/jazzy/opt/gz_utils_vendor:/opt/ros/jazzy/opt/gz_tools_vendor:/opt/ros/jazzy/opt/gz_ogre_next_vendor:/opt/ros/jazzy/opt/gz_dartsim_vendor:/opt/ros/jazzy/opt/gz_cmake_vendor:/opt/ros/jazzy DEBUGINFOD_URLS=https://debuginfod.ubuntu.com /usr/bin/cmake --install /home/kiran_gunathilaka/development/ros/gem_cutter_manipulator/build/gem_cutter_gazebo
