[0.006s] Invoking command in '/home/kiran_gunathilaka/development/ros/gem_cutter_manipulator/build/gem_cutter_moveit_config': AMENT_PREFIX_PATH=/home/kiran_gunathilaka/development/ros/gem_cutter_manipulator/install/gem_cutter_description:${AMENT_PREFIX_PATH} CMAKE_PREFIX_PATH=/home/kiran_gunathilaka/development/ros/gem_cutter_manipulator/install/gem_cutter_description:/opt/ros/jazzy/opt/gz_sim_vendor:/opt/ros/jazzy/opt/gz_sensors_vendor:/opt/ros/jazzy/opt/gz_physics_vendor:/opt/ros/jazzy/opt/sdformat_vendor:/opt/ros/jazzy/opt/gz_gui_vendor:/opt/ros/jazzy/opt/gz_transport_vendor:/opt/ros/jazzy/opt/gz_rendering_vendor:/opt/ros/jazzy/opt/gz_plugin_vendor:/opt/ros/jazzy/opt/gz_fuel_tools_vendor:/opt/ros/jazzy/opt/gz_msgs_vendor:/opt/ros/jazzy/opt/gz_common_vendor:/opt/ros/jazzy/opt/gz_math_vendor:/opt/ros/jazzy/opt/gz_utils_vendor:/opt/ros/jazzy/opt/gz_tools_vendor:/opt/ros/jazzy/opt/gz_ogre_next_vendor:/opt/ros/jazzy/opt/gz_dartsim_vendor:/opt/ros/jazzy/opt/gz_cmake_vendor:/opt/ros/jazzy DEBUGINFOD_URLS=https://debuginfod.ubuntu.com /usr/bin/cmake /home/kiran_gunathilaka/development/ros/gem_cutter_manipulator/src/gem_cutter_moveit_config -DAMENT_CMAKE_SYMLINK_INSTALL=1 -DCMAKE_INSTALL_PREFIX=/home/kiran_gunathilaka/development/ros/gem_cutter_manipulator/install/gem_cutter_moveit_config
[0.049s] -- The C compiler identification is GNU 13.3.0
[0.100s] -- The CXX compiler identification is GNU 13.3.0
[0.116s] -- Detecting C compiler ABI info
[0.179s] -- Detecting C compiler ABI info - done
[0.188s] -- Check for working C compiler: /usr/lib/ccache/cc - skipped
[0.188s] -- Detecting C compile features
[0.189s] -- Detecting C compile features - done
[0.198s] -- Detecting CXX compiler ABI info
[0.286s] -- Detecting CXX compiler ABI info - done
[0.304s] -- Check for working CXX compiler: /usr/lib/ccache/c++ - skipped
[0.305s] -- Detecting CXX compile features
[0.305s] -- Detecting CXX compile features - done
[0.309s] -- Found ament_cmake: 2.5.4 (/opt/ros/jazzy/share/ament_cmake/cmake)
[0.458s] -- Found Python3: /usr/bin/python3 (found version "3.12.3") found components: Interpreter 
[0.534s] -- Override CMake install command with custom implementation using symlinks instead of copying resources
[0.582s] -- Found robot_state_publisher: 3.3.3 (/opt/ros/jazzy/share/robot_state_publisher/cmake)
[0.637s] -- Found rosidl_generator_c: 4.6.6 (/opt/ros/jazzy/share/rosidl_generator_c/cmake)
[0.657s] -- Found rosidl_generator_cpp: 4.6.6 (/opt/ros/jazzy/share/rosidl_generator_cpp/cmake)
[0.678s] -- Using all available rosidl_typesupport_c: rosidl_typesupport_fastrtps_c;rosidl_typesupport_introspection_c
[0.701s] -- Using all available rosidl_typesupport_cpp: rosidl_typesupport_fastrtps_cpp;rosidl_typesupport_introspection_cpp
[0.819s] -- Found rmw_implementation_cmake: 7.3.2 (/opt/ros/jazzy/share/rmw_implementation_cmake/cmake)
[0.824s] -- Found rmw_cyclonedds_cpp: 2.2.3 (/opt/ros/jazzy/share/rmw_cyclonedds_cpp/cmake)
[0.862s] -- Using RMW implementation 'rmw_cyclonedds_cpp' as default
[1.206s] -- Found TinyXML2 via Config file: /usr/lib/x86_64-linux-gnu/cmake/tinyxml2
[1.221s] -- Found xacro: 2.0.13 (/opt/ros/jazzy/share/xacro/cmake)
[1.224s] -- Found rviz2: 14.1.17 (/opt/ros/jazzy/share/rviz2/cmake)
[1.225s] -- Found gem_cutter_description: 0.0.0 (/home/kiran_gunathilaka/development/ros/gem_cutter_manipulator/install/gem_cutter_description/share/gem_cutter_description/cmake)
[1.228s] -- Found ament_lint_auto: 0.17.3 (/opt/ros/jazzy/share/ament_lint_auto/cmake)
[1.346s] -- Added test 'lint_cmake' to check CMake code style
[1.347s] -- Added test 'xmllint' to check XML markup files
[1.349s] -- Configuring done (1.3s)
[1.354s] -- Generating done (0.0s)
[1.356s] -- Build files have been written to: /home/kiran_gunathilaka/development/ros/gem_cutter_manipulator/build/gem_cutter_moveit_config
[1.364s] Invoked command in '/home/kiran_gunathilaka/development/ros/gem_cutter_manipulator/build/gem_cutter_moveit_config' returned '0': AMENT_PREFIX_PATH=/home/kiran_gunathilaka/development/ros/gem_cutter_manipulator/install/gem_cutter_description:${AMENT_PREFIX_PATH} CMAKE_PREFIX_PATH=/home/kiran_gunathilaka/development/ros/gem_cutter_manipulator/install/gem_cutter_description:/opt/ros/jazzy/opt/gz_sim_vendor:/opt/ros/jazzy/opt/gz_sensors_vendor:/opt/ros/jazzy/opt/gz_physics_vendor:/opt/ros/jazzy/opt/sdformat_vendor:/opt/ros/jazzy/opt/gz_gui_vendor:/opt/ros/jazzy/opt/gz_transport_vendor:/opt/ros/jazzy/opt/gz_rendering_vendor:/opt/ros/jazzy/opt/gz_plugin_vendor:/opt/ros/jazzy/opt/gz_fuel_tools_vendor:/opt/ros/jazzy/opt/gz_msgs_vendor:/opt/ros/jazzy/opt/gz_common_vendor:/opt/ros/jazzy/opt/gz_math_vendor:/opt/ros/jazzy/opt/gz_utils_vendor:/opt/ros/jazzy/opt/gz_tools_vendor:/opt/ros/jazzy/opt/gz_ogre_next_vendor:/opt/ros/jazzy/opt/gz_dartsim_vendor:/opt/ros/jazzy/opt/gz_cmake_vendor:/opt/ros/jazzy DEBUGINFOD_URLS=https://debuginfod.ubuntu.com /usr/bin/cmake /home/kiran_gunathilaka/development/ros/gem_cutter_manipulator/src/gem_cutter_moveit_config -DAMENT_CMAKE_SYMLINK_INSTALL=1 -DCMAKE_INSTALL_PREFIX=/home/kiran_gunathilaka/development/ros/gem_cutter_manipulator/install/gem_cutter_moveit_config
[1.365s] Invoking command in '/home/kiran_gunathilaka/development/ros/gem_cutter_manipulator/build/gem_cutter_moveit_config': AMENT_PREFIX_PATH=/home/kiran_gunathilaka/development/ros/gem_cutter_manipulator/install/gem_cutter_description:${AMENT_PREFIX_PATH} CMAKE_PREFIX_PATH=/home/kiran_gunathilaka/development/ros/gem_cutter_manipulator/install/gem_cutter_description:/opt/ros/jazzy/opt/gz_sim_vendor:/opt/ros/jazzy/opt/gz_sensors_vendor:/opt/ros/jazzy/opt/gz_physics_vendor:/opt/ros/jazzy/opt/sdformat_vendor:/opt/ros/jazzy/opt/gz_gui_vendor:/opt/ros/jazzy/opt/gz_transport_vendor:/opt/ros/jazzy/opt/gz_rendering_vendor:/opt/ros/jazzy/opt/gz_plugin_vendor:/opt/ros/jazzy/opt/gz_fuel_tools_vendor:/opt/ros/jazzy/opt/gz_msgs_vendor:/opt/ros/jazzy/opt/gz_common_vendor:/opt/ros/jazzy/opt/gz_math_vendor:/opt/ros/jazzy/opt/gz_utils_vendor:/opt/ros/jazzy/opt/gz_tools_vendor:/opt/ros/jazzy/opt/gz_ogre_next_vendor:/opt/ros/jazzy/opt/gz_dartsim_vendor:/opt/ros/jazzy/opt/gz_cmake_vendor:/opt/ros/jazzy DEBUGINFOD_URLS=https://debuginfod.ubuntu.com /usr/bin/cmake --build /home/kiran_gunathilaka/development/ros/gem_cutter_manipulator/build/gem_cutter_moveit_config -- -j12 -l12
[1.400s] Invoked command in '/home/kiran_gunathilaka/development/ros/gem_cutter_manipulator/build/gem_cutter_moveit_config' returned '0': AMENT_PREFIX_PATH=/home/kiran_gunathilaka/development/ros/gem_cutter_manipulator/install/gem_cutter_description:${AMENT_PREFIX_PATH} CMAKE_PREFIX_PATH=/home/kiran_gunathilaka/development/ros/gem_cutter_manipulator/install/gem_cutter_description:/opt/ros/jazzy/opt/gz_sim_vendor:/opt/ros/jazzy/opt/gz_sensors_vendor:/opt/ros/jazzy/opt/gz_physics_vendor:/opt/ros/jazzy/opt/sdformat_vendor:/opt/ros/jazzy/opt/gz_gui_vendor:/opt/ros/jazzy/opt/gz_transport_vendor:/opt/ros/jazzy/opt/gz_rendering_vendor:/opt/ros/jazzy/opt/gz_plugin_vendor:/opt/ros/jazzy/opt/gz_fuel_tools_vendor:/opt/ros/jazzy/opt/gz_msgs_vendor:/opt/ros/jazzy/opt/gz_common_vendor:/opt/ros/jazzy/opt/gz_math_vendor:/opt/ros/jazzy/opt/gz_utils_vendor:/opt/ros/jazzy/opt/gz_tools_vendor:/opt/ros/jazzy/opt/gz_ogre_next_vendor:/opt/ros/jazzy/opt/gz_dartsim_vendor:/opt/ros/jazzy/opt/gz_cmake_vendor:/opt/ros/jazzy DEBUGINFOD_URLS=https://debuginfod.ubuntu.com /usr/bin/cmake --build /home/kiran_gunathilaka/development/ros/gem_cutter_manipulator/build/gem_cutter_moveit_config -- -j12 -l12
[1.401s] Invoking command in '/home/kiran_gunathilaka/development/ros/gem_cutter_manipulator/build/gem_cutter_moveit_config': AMENT_PREFIX_PATH=/home/kiran_gunathilaka/development/ros/gem_cutter_manipulator/install/gem_cutter_description:${AMENT_PREFIX_PATH} CMAKE_PREFIX_PATH=/home/kiran_gunathilaka/development/ros/gem_cutter_manipulator/install/gem_cutter_description:/opt/ros/jazzy/opt/gz_sim_vendor:/opt/ros/jazzy/opt/gz_sensors_vendor:/opt/ros/jazzy/opt/gz_physics_vendor:/opt/ros/jazzy/opt/sdformat_vendor:/opt/ros/jazzy/opt/gz_gui_vendor:/opt/ros/jazzy/opt/gz_transport_vendor:/opt/ros/jazzy/opt/gz_rendering_vendor:/opt/ros/jazzy/opt/gz_plugin_vendor:/opt/ros/jazzy/opt/gz_fuel_tools_vendor:/opt/ros/jazzy/opt/gz_msgs_vendor:/opt/ros/jazzy/opt/gz_common_vendor:/opt/ros/jazzy/opt/gz_math_vendor:/opt/ros/jazzy/opt/gz_utils_vendor:/opt/ros/jazzy/opt/gz_tools_vendor:/opt/ros/jazzy/opt/gz_ogre_next_vendor:/opt/ros/jazzy/opt/gz_dartsim_vendor:/opt/ros/jazzy/opt/gz_cmake_vendor:/opt/ros/jazzy DEBUGINFOD_URLS=https://debuginfod.ubuntu.com /usr/bin/cmake --install /home/kiran_gunathilaka/development/ros/gem_cutter_manipulator/build/gem_cutter_moveit_config
[1.408s] -- Install configuration: ""
[1.408s] -- Execute custom install script
[1.408s] -- Symlinking: /home/kiran_gunathilaka/development/ros/gem_cutter_manipulator/install/gem_cutter_moveit_config/share/ament_index/resource_index/package_run_dependencies/gem_cutter_moveit_config
[1.416s] -- Symlinking: /home/kiran_gunathilaka/development/ros/gem_cutter_manipulator/install/gem_cutter_moveit_config/share/ament_index/resource_index/parent_prefix_path/gem_cutter_moveit_config
[1.423s] -- Symlinking: /home/kiran_gunathilaka/development/ros/gem_cutter_manipulator/install/gem_cutter_moveit_config/share/gem_cutter_moveit_config/environment/ament_prefix_path.sh
[1.430s] -- Symlinking: /home/kiran_gunathilaka/development/ros/gem_cutter_manipulator/install/gem_cutter_moveit_config/share/gem_cutter_moveit_config/environment/ament_prefix_path.dsv
[1.437s] -- Symlinking: /home/kiran_gunathilaka/development/ros/gem_cutter_manipulator/install/gem_cutter_moveit_config/share/gem_cutter_moveit_config/environment/path.sh
[1.445s] -- Symlinking: /home/kiran_gunathilaka/development/ros/gem_cutter_manipulator/install/gem_cutter_moveit_config/share/gem_cutter_moveit_config/environment/path.dsv
[1.452s] -- Symlinking: /home/kiran_gunathilaka/development/ros/gem_cutter_manipulator/install/gem_cutter_moveit_config/share/gem_cutter_moveit_config/local_setup.bash
[1.460s] -- Symlinking: /home/kiran_gunathilaka/development/ros/gem_cutter_manipulator/install/gem_cutter_moveit_config/share/gem_cutter_moveit_config/local_setup.sh
[1.469s] -- Symlinking: /home/kiran_gunathilaka/development/ros/gem_cutter_manipulator/install/gem_cutter_moveit_config/share/gem_cutter_moveit_config/local_setup.zsh
[1.476s] -- Symlinking: /home/kiran_gunathilaka/development/ros/gem_cutter_manipulator/install/gem_cutter_moveit_config/share/gem_cutter_moveit_config/local_setup.dsv
[1.484s] -- Symlinking: /home/kiran_gunathilaka/development/ros/gem_cutter_manipulator/install/gem_cutter_moveit_config/share/gem_cutter_moveit_config/package.dsv
[1.492s] -- Symlinking: /home/kiran_gunathilaka/development/ros/gem_cutter_manipulator/install/gem_cutter_moveit_config/share/ament_index/resource_index/packages/gem_cutter_moveit_config
[1.501s] -- Symlinking: /home/kiran_gunathilaka/development/ros/gem_cutter_manipulator/install/gem_cutter_moveit_config/share/gem_cutter_moveit_config/cmake/gem_cutter_moveit_configConfig.cmake
[1.509s] -- Symlinking: /home/kiran_gunathilaka/development/ros/gem_cutter_manipulator/install/gem_cutter_moveit_config/share/gem_cutter_moveit_config/cmake/gem_cutter_moveit_configConfig-version.cmake
[1.517s] -- Symlinking: /home/kiran_gunathilaka/development/ros/gem_cutter_manipulator/install/gem_cutter_moveit_config/share/gem_cutter_moveit_config/package.xml
[1.527s] Invoked command in '/home/kiran_gunathilaka/development/ros/gem_cutter_manipulator/build/gem_cutter_moveit_config' returned '0': AMENT_PREFIX_PATH=/home/kiran_gunathilaka/development/ros/gem_cutter_manipulator/install/gem_cutter_description:${AMENT_PREFIX_PATH} CMAKE_PREFIX_PATH=/home/kiran_gunathilaka/development/ros/gem_cutter_manipulator/install/gem_cutter_description:/opt/ros/jazzy/opt/gz_sim_vendor:/opt/ros/jazzy/opt/gz_sensors_vendor:/opt/ros/jazzy/opt/gz_physics_vendor:/opt/ros/jazzy/opt/sdformat_vendor:/opt/ros/jazzy/opt/gz_gui_vendor:/opt/ros/jazzy/opt/gz_transport_vendor:/opt/ros/jazzy/opt/gz_rendering_vendor:/opt/ros/jazzy/opt/gz_plugin_vendor:/opt/ros/jazzy/opt/gz_fuel_tools_vendor:/opt/ros/jazzy/opt/gz_msgs_vendor:/opt/ros/jazzy/opt/gz_common_vendor:/opt/ros/jazzy/opt/gz_math_vendor:/opt/ros/jazzy/opt/gz_utils_vendor:/opt/ros/jazzy/opt/gz_tools_vendor:/opt/ros/jazzy/opt/gz_ogre_next_vendor:/opt/ros/jazzy/opt/gz_dartsim_vendor:/opt/ros/jazzy/opt/gz_cmake_vendor:/opt/ros/jazzy DEBUGINFOD_URLS=https://debuginfod.ubuntu.com /usr/bin/cmake --install /home/kiran_gunathilaka/development/ros/gem_cutter_manipulator/build/gem_cutter_moveit_config
