[0.096s] DEBUG:colcon:Command line arguments: ['/usr/bin/colcon', 'build', '--symlink-install']
[0.096s] DEBUG:colcon:Parsed command line arguments: Namespace(log_base=None, log_level=None, verb_name='build', build_base='build', install_base='install', merge_install=False, symlink_install=True, test_result_base=None, continue_on_error=False, executor='parallel', parallel_workers=12, event_handlers=None, ignore_user_meta=False, metas=['./colcon.meta'], base_paths=['.'], packages_ignore=None, packages_ignore_regex=None, paths=None, packages_up_to=None, packages_up_to_regex=None, packages_above=None, packages_above_and_dependencies=None, packages_above_depth=None, packages_select_by_dep=None, packages_skip_by_dep=None, packages_skip_up_to=None, packages_select_build_failed=False, packages_skip_build_finished=False, packages_select_test_failures=False, packages_skip_test_passed=False, packages_select=None, packages_skip=None, packages_select_regex=None, packages_skip_regex=None, packages_start=None, packages_end=None, allow_overriding=[], cmake_args=None, cmake_target=None, cmake_target_skip_unavailable=False, cmake_clean_cache=False, cmake_clean_first=False, cmake_force_configure=False, ament_cmake_args=None, catkin_cmake_args=None, catkin_skip_building_tests=False, mixin_files=None, mixin=None, verb_parser=<colcon_mixin.mixin.mixin_argument.MixinArgumentDecorator object at 0x7da552b7eb40>, verb_extension=<colcon_core.verb.build.BuildVerb object at 0x7da552cd7050>, main=<bound method BuildVerb.main of <colcon_core.verb.build.BuildVerb object at 0x7da552cd7050>>, mixin_verb=('build',))
[0.129s] Level 1:colcon.colcon_core.package_discovery:discover_packages(colcon_meta) check parameters
[0.129s] Level 1:colcon.colcon_core.package_discovery:discover_packages(recursive) check parameters
[0.129s] Level 1:colcon.colcon_core.package_discovery:discover_packages(ignore) check parameters
[0.129s] Level 1:colcon.colcon_core.package_discovery:discover_packages(path) check parameters
[0.129s] Level 1:colcon.colcon_core.package_discovery:discover_packages(colcon_meta) discover
[0.129s] Level 1:colcon.colcon_core.package_discovery:discover_packages(recursive) discover
[0.130s] INFO:colcon.colcon_core.package_discovery:Crawling recursively for packages in '/home/kiran_gunathilaka/development/ros/gem_cutter_manipulator'
[0.130s] Level 1:colcon.colcon_core.package_identification:_identify(.) by extensions ['ignore', 'ignore_ament_install']
[0.130s] Level 1:colcon.colcon_core.package_identification:_identify(.) by extension 'ignore'
[0.130s] Level 1:colcon.colcon_core.package_identification:_identify(.) by extension 'ignore_ament_install'
[0.130s] Level 1:colcon.colcon_core.package_identification:_identify(.) by extensions ['colcon_pkg']
[0.130s] Level 1:colcon.colcon_core.package_identification:_identify(.) by extension 'colcon_pkg'
[0.130s] Level 1:colcon.colcon_core.package_identification:_identify(.) by extensions ['colcon_meta']
[0.130s] Level 1:colcon.colcon_core.package_identification:_identify(.) by extension 'colcon_meta'
[0.130s] Level 1:colcon.colcon_core.package_identification:_identify(.) by extensions ['ros']
[0.130s] Level 1:colcon.colcon_core.package_identification:_identify(.) by extension 'ros'
[0.152s] Level 1:colcon.colcon_core.package_identification:_identify(.) by extensions ['cmake', 'python']
[0.152s] Level 1:colcon.colcon_core.package_identification:_identify(.) by extension 'cmake'
[0.152s] Level 1:colcon.colcon_core.package_identification:_identify(.) by extension 'python'
[0.152s] Level 1:colcon.colcon_core.package_identification:_identify(.) by extensions ['python_setup_py']
[0.152s] Level 1:colcon.colcon_core.package_identification:_identify(.) by extension 'python_setup_py'
[0.152s] Level 1:colcon.colcon_core.package_identification:_identify(build) by extensions ['ignore', 'ignore_ament_install']
[0.152s] Level 1:colcon.colcon_core.package_identification:_identify(build) by extension 'ignore'
[0.152s] Level 1:colcon.colcon_core.package_identification:_identify(build) ignored
[0.152s] Level 1:colcon.colcon_core.package_identification:_identify(install) by extensions ['ignore', 'ignore_ament_install']
[0.152s] Level 1:colcon.colcon_core.package_identification:_identify(install) by extension 'ignore'
[0.152s] Level 1:colcon.colcon_core.package_identification:_identify(install) ignored
[0.152s] Level 1:colcon.colcon_core.package_identification:_identify(log) by extensions ['ignore', 'ignore_ament_install']
[0.152s] Level 1:colcon.colcon_core.package_identification:_identify(log) by extension 'ignore'
[0.152s] Level 1:colcon.colcon_core.package_identification:_identify(log) ignored
[0.152s] Level 1:colcon.colcon_core.package_identification:_identify(src) by extensions ['ignore', 'ignore_ament_install']
[0.153s] Level 1:colcon.colcon_core.package_identification:_identify(src) by extension 'ignore'
[0.153s] Level 1:colcon.colcon_core.package_identification:_identify(src) by extension 'ignore_ament_install'
[0.153s] Level 1:colcon.colcon_core.package_identification:_identify(src) by extensions ['colcon_pkg']
[0.153s] Level 1:colcon.colcon_core.package_identification:_identify(src) by extension 'colcon_pkg'
[0.153s] Level 1:colcon.colcon_core.package_identification:_identify(src) by extensions ['colcon_meta']
[0.153s] Level 1:colcon.colcon_core.package_identification:_identify(src) by extension 'colcon_meta'
[0.153s] Level 1:colcon.colcon_core.package_identification:_identify(src) by extensions ['ros']
[0.153s] Level 1:colcon.colcon_core.package_identification:_identify(src) by extension 'ros'
[0.153s] Level 1:colcon.colcon_core.package_identification:_identify(src) by extensions ['cmake', 'python']
[0.153s] Level 1:colcon.colcon_core.package_identification:_identify(src) by extension 'cmake'
[0.153s] Level 1:colcon.colcon_core.package_identification:_identify(src) by extension 'python'
[0.153s] Level 1:colcon.colcon_core.package_identification:_identify(src) by extensions ['python_setup_py']
[0.153s] Level 1:colcon.colcon_core.package_identification:_identify(src) by extension 'python_setup_py'
[0.153s] Level 1:colcon.colcon_core.package_identification:_identify(src/gem_cutter_description) by extensions ['ignore', 'ignore_ament_install']
[0.153s] Level 1:colcon.colcon_core.package_identification:_identify(src/gem_cutter_description) by extension 'ignore'
[0.153s] Level 1:colcon.colcon_core.package_identification:_identify(src/gem_cutter_description) by extension 'ignore_ament_install'
[0.153s] Level 1:colcon.colcon_core.package_identification:_identify(src/gem_cutter_description) by extensions ['colcon_pkg']
[0.153s] Level 1:colcon.colcon_core.package_identification:_identify(src/gem_cutter_description) by extension 'colcon_pkg'
[0.153s] Level 1:colcon.colcon_core.package_identification:_identify(src/gem_cutter_description) by extensions ['colcon_meta']
[0.153s] Level 1:colcon.colcon_core.package_identification:_identify(src/gem_cutter_description) by extension 'colcon_meta'
[0.153s] Level 1:colcon.colcon_core.package_identification:_identify(src/gem_cutter_description) by extensions ['ros']
[0.153s] Level 1:colcon.colcon_core.package_identification:_identify(src/gem_cutter_description) by extension 'ros'
[0.155s] DEBUG:colcon.colcon_core.package_identification:Package 'src/gem_cutter_description' with type 'ros.ament_cmake' and name 'gem_cutter_description'
[0.156s] Level 1:colcon.colcon_core.package_identification:_identify(src/gem_cutter_gazebo) by extensions ['ignore', 'ignore_ament_install']
[0.156s] Level 1:colcon.colcon_core.package_identification:_identify(src/gem_cutter_gazebo) by extension 'ignore'
[0.156s] Level 1:colcon.colcon_core.package_identification:_identify(src/gem_cutter_gazebo) by extension 'ignore_ament_install'
[0.156s] Level 1:colcon.colcon_core.package_identification:_identify(src/gem_cutter_gazebo) by extensions ['colcon_pkg']
[0.156s] Level 1:colcon.colcon_core.package_identification:_identify(src/gem_cutter_gazebo) by extension 'colcon_pkg'
[0.156s] Level 1:colcon.colcon_core.package_identification:_identify(src/gem_cutter_gazebo) by extensions ['colcon_meta']
[0.156s] Level 1:colcon.colcon_core.package_identification:_identify(src/gem_cutter_gazebo) by extension 'colcon_meta'
[0.156s] Level 1:colcon.colcon_core.package_identification:_identify(src/gem_cutter_gazebo) by extensions ['ros']
[0.156s] Level 1:colcon.colcon_core.package_identification:_identify(src/gem_cutter_gazebo) by extension 'ros'
[0.156s] DEBUG:colcon.colcon_core.package_identification:Package 'src/gem_cutter_gazebo' with type 'ros.ament_cmake' and name 'gem_cutter_gazebo'
[0.157s] Level 1:colcon.colcon_core.package_identification:_identify(src/gem_cutter_moveit_config) by extensions ['ignore', 'ignore_ament_install']
[0.157s] Level 1:colcon.colcon_core.package_identification:_identify(src/gem_cutter_moveit_config) by extension 'ignore'
[0.157s] Level 1:colcon.colcon_core.package_identification:_identify(src/gem_cutter_moveit_config) by extension 'ignore_ament_install'
[0.157s] Level 1:colcon.colcon_core.package_identification:_identify(src/gem_cutter_moveit_config) by extensions ['colcon_pkg']
[0.157s] Level 1:colcon.colcon_core.package_identification:_identify(src/gem_cutter_moveit_config) by extension 'colcon_pkg'
[0.157s] Level 1:colcon.colcon_core.package_identification:_identify(src/gem_cutter_moveit_config) by extensions ['colcon_meta']
[0.157s] Level 1:colcon.colcon_core.package_identification:_identify(src/gem_cutter_moveit_config) by extension 'colcon_meta'
[0.157s] Level 1:colcon.colcon_core.package_identification:_identify(src/gem_cutter_moveit_config) by extensions ['ros']
[0.157s] Level 1:colcon.colcon_core.package_identification:_identify(src/gem_cutter_moveit_config) by extension 'ros'
[0.158s] DEBUG:colcon.colcon_core.package_identification:Package 'src/gem_cutter_moveit_config' with type 'ros.ament_cmake' and name 'gem_cutter_moveit_config'
[0.158s] Level 1:colcon.colcon_core.package_discovery:discover_packages(recursive) using defaults
[0.158s] Level 1:colcon.colcon_core.package_discovery:discover_packages(ignore) discover
[0.158s] Level 1:colcon.colcon_core.package_discovery:discover_packages(ignore) using defaults
[0.158s] Level 1:colcon.colcon_core.package_discovery:discover_packages(path) discover
[0.158s] Level 1:colcon.colcon_core.package_discovery:discover_packages(path) using defaults
[0.173s] Level 1:colcon.colcon_core.package_discovery:discover_packages(prefix_path) check parameters
[0.173s] Level 1:colcon.colcon_core.package_discovery:discover_packages(prefix_path) discover
[0.174s] WARNING:colcon.colcon_core.prefix_path.colcon:The path '/home/kiran_gunathilaka/development/ros/gem_cutting_manipulator/install' in the environment variable COLCON_PREFIX_PATH doesn't exist
[0.174s] WARNING:colcon.colcon_ros.prefix_path.ament:The path '/home/kiran_gunathilaka/development/ros/gem_cutter_manipulator/install/gem_cutter_moveit_config' in the environment variable AMENT_PREFIX_PATH doesn't exist
[0.174s] WARNING:colcon.colcon_ros.prefix_path.ament:The path '/home/kiran_gunathilaka/development/ros/gem_cutter_manipulator/install/gem_cutter_gazebo' in the environment variable AMENT_PREFIX_PATH doesn't exist
[0.174s] WARNING:colcon.colcon_ros.prefix_path.ament:The path '/home/kiran_gunathilaka/development/ros/gem_cutter_manipulator/install/gem_cutter_description' in the environment variable AMENT_PREFIX_PATH doesn't exist
[0.174s] WARNING:colcon.colcon_ros.prefix_path.catkin:The path '/home/kiran_gunathilaka/development/ros/gem_cutter_manipulator/install/gem_cutter_moveit_config' in the environment variable CMAKE_PREFIX_PATH doesn't exist
[0.174s] WARNING:colcon.colcon_ros.prefix_path.catkin:The path '/home/kiran_gunathilaka/development/ros/gem_cutter_manipulator/install/gem_cutter_gazebo' in the environment variable CMAKE_PREFIX_PATH doesn't exist
[0.174s] WARNING:colcon.colcon_ros.prefix_path.catkin:The path '/home/kiran_gunathilaka/development/ros/gem_cutter_manipulator/install/gem_cutter_description' in the environment variable CMAKE_PREFIX_PATH doesn't exist
[0.175s] DEBUG:colcon.colcon_installed_package_information.package_discovery:Found 0 installed packages in /home/kiran_gunathilaka/development/ros/gem_cutter_manipulator/install
[0.177s] DEBUG:colcon.colcon_installed_package_information.package_discovery:Found 485 installed packages in /opt/ros/jazzy
[0.179s] Level 1:colcon.colcon_core.package_discovery:discover_packages(prefix_path) using defaults
[0.244s] Level 5:colcon.colcon_core.verb:set package 'gem_cutter_description' build argument 'cmake_args' from command line to 'None'
[0.244s] Level 5:colcon.colcon_core.verb:set package 'gem_cutter_description' build argument 'cmake_target' from command line to 'None'
[0.244s] Level 5:colcon.colcon_core.verb:set package 'gem_cutter_description' build argument 'cmake_target_skip_unavailable' from command line to 'False'
[0.244s] Level 5:colcon.colcon_core.verb:set package 'gem_cutter_description' build argument 'cmake_clean_cache' from command line to 'False'
[0.244s] Level 5:colcon.colcon_core.verb:set package 'gem_cutter_description' build argument 'cmake_clean_first' from command line to 'False'
[0.244s] Level 5:colcon.colcon_core.verb:set package 'gem_cutter_description' build argument 'cmake_force_configure' from command line to 'False'
[0.244s] Level 5:colcon.colcon_core.verb:set package 'gem_cutter_description' build argument 'ament_cmake_args' from command line to 'None'
[0.244s] Level 5:colcon.colcon_core.verb:set package 'gem_cutter_description' build argument 'catkin_cmake_args' from command line to 'None'
[0.244s] Level 5:colcon.colcon_core.verb:set package 'gem_cutter_description' build argument 'catkin_skip_building_tests' from command line to 'False'
[0.244s] DEBUG:colcon.colcon_core.verb:Building package 'gem_cutter_description' with the following arguments: {'ament_cmake_args': None, 'build_base': '/home/kiran_gunathilaka/development/ros/gem_cutter_manipulator/build/gem_cutter_description', 'catkin_cmake_args': None, 'catkin_skip_building_tests': False, 'cmake_args': None, 'cmake_clean_cache': False, 'cmake_clean_first': False, 'cmake_force_configure': False, 'cmake_target': None, 'cmake_target_skip_unavailable': False, 'install_base': '/home/kiran_gunathilaka/development/ros/gem_cutter_manipulator/install/gem_cutter_description', 'merge_install': False, 'path': '/home/kiran_gunathilaka/development/ros/gem_cutter_manipulator/src/gem_cutter_description', 'symlink_install': True, 'test_result_base': None}
[0.245s] Level 5:colcon.colcon_core.verb:set package 'gem_cutter_gazebo' build argument 'cmake_args' from command line to 'None'
[0.245s] Level 5:colcon.colcon_core.verb:set package 'gem_cutter_gazebo' build argument 'cmake_target' from command line to 'None'
[0.245s] Level 5:colcon.colcon_core.verb:set package 'gem_cutter_gazebo' build argument 'cmake_target_skip_unavailable' from command line to 'False'
[0.245s] Level 5:colcon.colcon_core.verb:set package 'gem_cutter_gazebo' build argument 'cmake_clean_cache' from command line to 'False'
[0.245s] Level 5:colcon.colcon_core.verb:set package 'gem_cutter_gazebo' build argument 'cmake_clean_first' from command line to 'False'
[0.245s] Level 5:colcon.colcon_core.verb:set package 'gem_cutter_gazebo' build argument 'cmake_force_configure' from command line to 'False'
[0.245s] Level 5:colcon.colcon_core.verb:set package 'gem_cutter_gazebo' build argument 'ament_cmake_args' from command line to 'None'
[0.245s] Level 5:colcon.colcon_core.verb:set package 'gem_cutter_gazebo' build argument 'catkin_cmake_args' from command line to 'None'
[0.245s] Level 5:colcon.colcon_core.verb:set package 'gem_cutter_gazebo' build argument 'catkin_skip_building_tests' from command line to 'False'
[0.245s] DEBUG:colcon.colcon_core.verb:Building package 'gem_cutter_gazebo' with the following arguments: {'ament_cmake_args': None, 'build_base': '/home/kiran_gunathilaka/development/ros/gem_cutter_manipulator/build/gem_cutter_gazebo', 'catkin_cmake_args': None, 'catkin_skip_building_tests': False, 'cmake_args': None, 'cmake_clean_cache': False, 'cmake_clean_first': False, 'cmake_force_configure': False, 'cmake_target': None, 'cmake_target_skip_unavailable': False, 'install_base': '/home/kiran_gunathilaka/development/ros/gem_cutter_manipulator/install/gem_cutter_gazebo', 'merge_install': False, 'path': '/home/kiran_gunathilaka/development/ros/gem_cutter_manipulator/src/gem_cutter_gazebo', 'symlink_install': True, 'test_result_base': None}
[0.245s] Level 5:colcon.colcon_core.verb:set package 'gem_cutter_moveit_config' build argument 'cmake_args' from command line to 'None'
[0.245s] Level 5:colcon.colcon_core.verb:set package 'gem_cutter_moveit_config' build argument 'cmake_target' from command line to 'None'
[0.245s] Level 5:colcon.colcon_core.verb:set package 'gem_cutter_moveit_config' build argument 'cmake_target_skip_unavailable' from command line to 'False'
[0.245s] Level 5:colcon.colcon_core.verb:set package 'gem_cutter_moveit_config' build argument 'cmake_clean_cache' from command line to 'False'
[0.245s] Level 5:colcon.colcon_core.verb:set package 'gem_cutter_moveit_config' build argument 'cmake_clean_first' from command line to 'False'
[0.245s] Level 5:colcon.colcon_core.verb:set package 'gem_cutter_moveit_config' build argument 'cmake_force_configure' from command line to 'False'
[0.245s] Level 5:colcon.colcon_core.verb:set package 'gem_cutter_moveit_config' build argument 'ament_cmake_args' from command line to 'None'
[0.245s] Level 5:colcon.colcon_core.verb:set package 'gem_cutter_moveit_config' build argument 'catkin_cmake_args' from command line to 'None'
[0.245s] Level 5:colcon.colcon_core.verb:set package 'gem_cutter_moveit_config' build argument 'catkin_skip_building_tests' from command line to 'False'
[0.245s] DEBUG:colcon.colcon_core.verb:Building package 'gem_cutter_moveit_config' with the following arguments: {'ament_cmake_args': None, 'build_base': '/home/kiran_gunathilaka/development/ros/gem_cutter_manipulator/build/gem_cutter_moveit_config', 'catkin_cmake_args': None, 'catkin_skip_building_tests': False, 'cmake_args': None, 'cmake_clean_cache': False, 'cmake_clean_first': False, 'cmake_force_configure': False, 'cmake_target': None, 'cmake_target_skip_unavailable': False, 'install_base': '/home/kiran_gunathilaka/development/ros/gem_cutter_manipulator/install/gem_cutter_moveit_config', 'merge_install': False, 'path': '/home/kiran_gunathilaka/development/ros/gem_cutter_manipulator/src/gem_cutter_moveit_config', 'symlink_install': True, 'test_result_base': None}
[0.245s] INFO:colcon.colcon_core.executor:Executing jobs using 'parallel' executor
[0.246s] DEBUG:colcon.colcon_parallel_executor.executor.parallel:run_until_complete
[0.247s] INFO:colcon.colcon_ros.task.ament_cmake.build:Building ROS package in '/home/kiran_gunathilaka/development/ros/gem_cutter_manipulator/src/gem_cutter_description' with build type 'ament_cmake'
[0.247s] INFO:colcon.colcon_cmake.task.cmake.build:Building CMake package in '/home/kiran_gunathilaka/development/ros/gem_cutter_manipulator/src/gem_cutter_description'
[0.248s] INFO:colcon.colcon_core.plugin_system:Skipping extension 'colcon_core.shell.bat': Not used on non-Windows systems
[0.249s] INFO:colcon.colcon_core.shell:Skip shell extension 'powershell' for command environment: Not usable outside of PowerShell
[0.249s] DEBUG:colcon.colcon_core.shell:Skip shell extension 'dsv' for command environment
[0.257s] DEBUG:colcon.colcon_core.event_handler.log_command:Invoking command in '/home/kiran_gunathilaka/development/ros/gem_cutter_manipulator/build/gem_cutter_description': CMAKE_PREFIX_PATH=${CMAKE_PREFIX_PATH}:/opt/ros/jazzy DEBUGINFOD_URLS=https://debuginfod.ubuntu.com /usr/bin/cmake /home/kiran_gunathilaka/development/ros/gem_cutter_manipulator/src/gem_cutter_description -DAMENT_CMAKE_SYMLINK_INSTALL=1 -DCMAKE_INSTALL_PREFIX=/home/kiran_gunathilaka/development/ros/gem_cutter_manipulator/install/gem_cutter_description
[1.520s] DEBUG:colcon.colcon_core.event_handler.log_command:Invoked command in '/home/kiran_gunathilaka/development/ros/gem_cutter_manipulator/build/gem_cutter_description' returned '0': CMAKE_PREFIX_PATH=${CMAKE_PREFIX_PATH}:/opt/ros/jazzy DEBUGINFOD_URLS=https://debuginfod.ubuntu.com /usr/bin/cmake /home/kiran_gunathilaka/development/ros/gem_cutter_manipulator/src/gem_cutter_description -DAMENT_CMAKE_SYMLINK_INSTALL=1 -DCMAKE_INSTALL_PREFIX=/home/kiran_gunathilaka/development/ros/gem_cutter_manipulator/install/gem_cutter_description
[1.521s] DEBUG:colcon.colcon_core.event_handler.log_command:Invoking command in '/home/kiran_gunathilaka/development/ros/gem_cutter_manipulator/build/gem_cutter_description': CMAKE_PREFIX_PATH=${CMAKE_PREFIX_PATH}:/opt/ros/jazzy DEBUGINFOD_URLS=https://debuginfod.ubuntu.com /usr/bin/cmake --build /home/kiran_gunathilaka/development/ros/gem_cutter_manipulator/build/gem_cutter_description -- -j12 -l12
[1.562s] DEBUG:colcon.colcon_core.event_handler.log_command:Invoked command in '/home/kiran_gunathilaka/development/ros/gem_cutter_manipulator/build/gem_cutter_description' returned '0': CMAKE_PREFIX_PATH=${CMAKE_PREFIX_PATH}:/opt/ros/jazzy DEBUGINFOD_URLS=https://debuginfod.ubuntu.com /usr/bin/cmake --build /home/kiran_gunathilaka/development/ros/gem_cutter_manipulator/build/gem_cutter_description -- -j12 -l12
[1.573s] DEBUG:colcon.colcon_core.event_handler.log_command:Invoking command in '/home/kiran_gunathilaka/development/ros/gem_cutter_manipulator/build/gem_cutter_description': CMAKE_PREFIX_PATH=${CMAKE_PREFIX_PATH}:/opt/ros/jazzy DEBUGINFOD_URLS=https://debuginfod.ubuntu.com /usr/bin/cmake --install /home/kiran_gunathilaka/development/ros/gem_cutter_manipulator/build/gem_cutter_description
[1.760s] Level 1:colcon.colcon_core.environment:create_environment_scripts_only(gem_cutter_description)
[1.761s] DEBUG:colcon.colcon_core.event_handler.log_command:Invoked command in '/home/kiran_gunathilaka/development/ros/gem_cutter_manipulator/build/gem_cutter_description' returned '0': CMAKE_PREFIX_PATH=${CMAKE_PREFIX_PATH}:/opt/ros/jazzy DEBUGINFOD_URLS=https://debuginfod.ubuntu.com /usr/bin/cmake --install /home/kiran_gunathilaka/development/ros/gem_cutter_manipulator/build/gem_cutter_description
[1.762s] Level 1:colcon.colcon_core.environment:checking '/home/kiran_gunathilaka/development/ros/gem_cutter_manipulator/install/gem_cutter_description' for CMake module files
[1.763s] Level 1:colcon.colcon_core.environment:checking '/home/kiran_gunathilaka/development/ros/gem_cutter_manipulator/install/gem_cutter_description' for CMake config files
[1.763s] Level 1:colcon.colcon_core.shell:create_environment_hook('gem_cutter_description', 'cmake_prefix_path')
[1.763s] INFO:colcon.colcon_core.shell:Creating environment hook '/home/kiran_gunathilaka/development/ros/gem_cutter_manipulator/install/gem_cutter_description/share/gem_cutter_description/hook/cmake_prefix_path.ps1'
[1.764s] INFO:colcon.colcon_core.shell:Creating environment descriptor '/home/kiran_gunathilaka/development/ros/gem_cutter_manipulator/install/gem_cutter_description/share/gem_cutter_description/hook/cmake_prefix_path.dsv'
[1.765s] INFO:colcon.colcon_core.shell:Creating environment hook '/home/kiran_gunathilaka/development/ros/gem_cutter_manipulator/install/gem_cutter_description/share/gem_cutter_description/hook/cmake_prefix_path.sh'
[1.766s] Level 1:colcon.colcon_core.environment:checking '/home/kiran_gunathilaka/development/ros/gem_cutter_manipulator/install/gem_cutter_description/bin'
[1.766s] Level 1:colcon.colcon_core.environment:checking '/home/kiran_gunathilaka/development/ros/gem_cutter_manipulator/install/gem_cutter_description/lib/pkgconfig/gem_cutter_description.pc'
[1.766s] Level 1:colcon.colcon_core.environment:checking '/home/kiran_gunathilaka/development/ros/gem_cutter_manipulator/install/gem_cutter_description/lib/python3.12/site-packages'
[1.766s] Level 1:colcon.colcon_core.environment:checking '/home/kiran_gunathilaka/development/ros/gem_cutter_manipulator/install/gem_cutter_description/bin'
[1.766s] INFO:colcon.colcon_core.shell:Creating package script '/home/kiran_gunathilaka/development/ros/gem_cutter_manipulator/install/gem_cutter_description/share/gem_cutter_description/package.ps1'
[1.767s] INFO:colcon.colcon_core.shell:Creating package descriptor '/home/kiran_gunathilaka/development/ros/gem_cutter_manipulator/install/gem_cutter_description/share/gem_cutter_description/package.dsv'
[1.767s] INFO:colcon.colcon_core.shell:Creating package script '/home/kiran_gunathilaka/development/ros/gem_cutter_manipulator/install/gem_cutter_description/share/gem_cutter_description/package.sh'
[1.768s] INFO:colcon.colcon_core.shell:Creating package script '/home/kiran_gunathilaka/development/ros/gem_cutter_manipulator/install/gem_cutter_description/share/gem_cutter_description/package.bash'
[1.769s] INFO:colcon.colcon_core.shell:Creating package script '/home/kiran_gunathilaka/development/ros/gem_cutter_manipulator/install/gem_cutter_description/share/gem_cutter_description/package.zsh'
[1.769s] Level 1:colcon.colcon_core.environment:create_file_with_runtime_dependencies(/home/kiran_gunathilaka/development/ros/gem_cutter_manipulator/install/gem_cutter_description/share/colcon-core/packages/gem_cutter_description)
[1.769s] Level 1:colcon.colcon_core.environment:create_environment_scripts_only(gem_cutter_description)
[1.770s] Level 1:colcon.colcon_core.environment:checking '/home/kiran_gunathilaka/development/ros/gem_cutter_manipulator/install/gem_cutter_description' for CMake module files
[1.770s] Level 1:colcon.colcon_core.environment:checking '/home/kiran_gunathilaka/development/ros/gem_cutter_manipulator/install/gem_cutter_description' for CMake config files
[1.770s] Level 1:colcon.colcon_core.shell:create_environment_hook('gem_cutter_description', 'cmake_prefix_path')
[1.771s] INFO:colcon.colcon_core.shell:Creating environment hook '/home/kiran_gunathilaka/development/ros/gem_cutter_manipulator/install/gem_cutter_description/share/gem_cutter_description/hook/cmake_prefix_path.ps1'
[1.771s] INFO:colcon.colcon_core.shell:Creating environment descriptor '/home/kiran_gunathilaka/development/ros/gem_cutter_manipulator/install/gem_cutter_description/share/gem_cutter_description/hook/cmake_prefix_path.dsv'
[1.771s] INFO:colcon.colcon_core.shell:Creating environment hook '/home/kiran_gunathilaka/development/ros/gem_cutter_manipulator/install/gem_cutter_description/share/gem_cutter_description/hook/cmake_prefix_path.sh'
[1.772s] Level 1:colcon.colcon_core.environment:checking '/home/kiran_gunathilaka/development/ros/gem_cutter_manipulator/install/gem_cutter_description/bin'
[1.772s] Level 1:colcon.colcon_core.environment:checking '/home/kiran_gunathilaka/development/ros/gem_cutter_manipulator/install/gem_cutter_description/lib/pkgconfig/gem_cutter_description.pc'
[1.772s] Level 1:colcon.colcon_core.environment:checking '/home/kiran_gunathilaka/development/ros/gem_cutter_manipulator/install/gem_cutter_description/lib/python3.12/site-packages'
[1.772s] Level 1:colcon.colcon_core.environment:checking '/home/kiran_gunathilaka/development/ros/gem_cutter_manipulator/install/gem_cutter_description/bin'
[1.772s] INFO:colcon.colcon_core.shell:Creating package script '/home/kiran_gunathilaka/development/ros/gem_cutter_manipulator/install/gem_cutter_description/share/gem_cutter_description/package.ps1'
[1.773s] INFO:colcon.colcon_core.shell:Creating package descriptor '/home/kiran_gunathilaka/development/ros/gem_cutter_manipulator/install/gem_cutter_description/share/gem_cutter_description/package.dsv'
[1.773s] INFO:colcon.colcon_core.shell:Creating package script '/home/kiran_gunathilaka/development/ros/gem_cutter_manipulator/install/gem_cutter_description/share/gem_cutter_description/package.sh'
[1.773s] INFO:colcon.colcon_core.shell:Creating package script '/home/kiran_gunathilaka/development/ros/gem_cutter_manipulator/install/gem_cutter_description/share/gem_cutter_description/package.bash'
[1.774s] INFO:colcon.colcon_core.shell:Creating package script '/home/kiran_gunathilaka/development/ros/gem_cutter_manipulator/install/gem_cutter_description/share/gem_cutter_description/package.zsh'
[1.774s] Level 1:colcon.colcon_core.environment:create_file_with_runtime_dependencies(/home/kiran_gunathilaka/development/ros/gem_cutter_manipulator/install/gem_cutter_description/share/colcon-core/packages/gem_cutter_description)
[1.774s] INFO:colcon.colcon_ros.task.ament_cmake.build:Building ROS package in '/home/kiran_gunathilaka/development/ros/gem_cutter_manipulator/src/gem_cutter_gazebo' with build type 'ament_cmake'
[1.774s] INFO:colcon.colcon_cmake.task.cmake.build:Building CMake package in '/home/kiran_gunathilaka/development/ros/gem_cutter_manipulator/src/gem_cutter_gazebo'
[1.774s] INFO:colcon.colcon_core.shell:Skip shell extension 'powershell' for command environment: Not usable outside of PowerShell
[1.774s] DEBUG:colcon.colcon_core.shell:Skip shell extension 'dsv' for command environment
[1.778s] INFO:colcon.colcon_ros.task.ament_cmake.build:Building ROS package in '/home/kiran_gunathilaka/development/ros/gem_cutter_manipulator/src/gem_cutter_moveit_config' with build type 'ament_cmake'
[1.778s] INFO:colcon.colcon_cmake.task.cmake.build:Building CMake package in '/home/kiran_gunathilaka/development/ros/gem_cutter_manipulator/src/gem_cutter_moveit_config'
[1.778s] INFO:colcon.colcon_core.shell:Skip shell extension 'powershell' for command environment: Not usable outside of PowerShell
[1.778s] DEBUG:colcon.colcon_core.shell:Skip shell extension 'dsv' for command environment
[1.786s] DEBUG:colcon.colcon_core.event_handler.log_command:Invoking command in '/home/kiran_gunathilaka/development/ros/gem_cutter_manipulator/build/gem_cutter_gazebo': CMAKE_PREFIX_PATH=/home/kiran_gunathilaka/development/ros/gem_cutter_manipulator/install/gem_cutter_description:/home/kiran_gunathilaka/development/ros/gem_cutter_manipulator/install/gem_cutter_moveit_config:/home/kiran_gunathilaka/development/ros/gem_cutter_manipulator/install/gem_cutter_gazebo:/opt/ros/jazzy/opt/gz_sim_vendor:/opt/ros/jazzy/opt/gz_sensors_vendor:/opt/ros/jazzy/opt/gz_physics_vendor:/opt/ros/jazzy/opt/sdformat_vendor:/opt/ros/jazzy/opt/gz_gui_vendor:/opt/ros/jazzy/opt/gz_transport_vendor:/opt/ros/jazzy/opt/gz_rendering_vendor:/opt/ros/jazzy/opt/gz_plugin_vendor:/opt/ros/jazzy/opt/gz_fuel_tools_vendor:/opt/ros/jazzy/opt/gz_msgs_vendor:/opt/ros/jazzy/opt/gz_common_vendor:/opt/ros/jazzy/opt/gz_math_vendor:/opt/ros/jazzy/opt/gz_utils_vendor:/opt/ros/jazzy/opt/gz_tools_vendor:/opt/ros/jazzy/opt/gz_ogre_next_vendor:/opt/ros/jazzy/opt/gz_dartsim_vendor:/opt/ros/jazzy/opt/gz_cmake_vendor:/opt/ros/jazzy DEBUGINFOD_URLS=https://debuginfod.ubuntu.com /usr/bin/cmake /home/kiran_gunathilaka/development/ros/gem_cutter_manipulator/src/gem_cutter_gazebo -DAMENT_CMAKE_SYMLINK_INSTALL=1 -DCMAKE_INSTALL_PREFIX=/home/kiran_gunathilaka/development/ros/gem_cutter_manipulator/install/gem_cutter_gazebo
[1.787s] DEBUG:colcon.colcon_core.event_handler.log_command:Invoking command in '/home/kiran_gunathilaka/development/ros/gem_cutter_manipulator/build/gem_cutter_moveit_config': CMAKE_PREFIX_PATH=/home/kiran_gunathilaka/development/ros/gem_cutter_manipulator/install/gem_cutter_description:/home/kiran_gunathilaka/development/ros/gem_cutter_manipulator/install/gem_cutter_moveit_config:/home/kiran_gunathilaka/development/ros/gem_cutter_manipulator/install/gem_cutter_gazebo:/opt/ros/jazzy/opt/gz_sim_vendor:/opt/ros/jazzy/opt/gz_sensors_vendor:/opt/ros/jazzy/opt/gz_physics_vendor:/opt/ros/jazzy/opt/sdformat_vendor:/opt/ros/jazzy/opt/gz_gui_vendor:/opt/ros/jazzy/opt/gz_transport_vendor:/opt/ros/jazzy/opt/gz_rendering_vendor:/opt/ros/jazzy/opt/gz_plugin_vendor:/opt/ros/jazzy/opt/gz_fuel_tools_vendor:/opt/ros/jazzy/opt/gz_msgs_vendor:/opt/ros/jazzy/opt/gz_common_vendor:/opt/ros/jazzy/opt/gz_math_vendor:/opt/ros/jazzy/opt/gz_utils_vendor:/opt/ros/jazzy/opt/gz_tools_vendor:/opt/ros/jazzy/opt/gz_ogre_next_vendor:/opt/ros/jazzy/opt/gz_dartsim_vendor:/opt/ros/jazzy/opt/gz_cmake_vendor:/opt/ros/jazzy DEBUGINFOD_URLS=https://debuginfod.ubuntu.com /usr/bin/cmake /home/kiran_gunathilaka/development/ros/gem_cutter_manipulator/src/gem_cutter_moveit_config -DAMENT_CMAKE_SYMLINK_INSTALL=1 -DCMAKE_INSTALL_PREFIX=/home/kiran_gunathilaka/development/ros/gem_cutter_manipulator/install/gem_cutter_moveit_config
[2.457s] DEBUG:colcon.colcon_core.event_handler.log_command:Invoked command in '/home/kiran_gunathilaka/development/ros/gem_cutter_manipulator/build/gem_cutter_moveit_config' returned '0': CMAKE_PREFIX_PATH=/home/kiran_gunathilaka/development/ros/gem_cutter_manipulator/install/gem_cutter_description:/home/kiran_gunathilaka/development/ros/gem_cutter_manipulator/install/gem_cutter_moveit_config:/home/kiran_gunathilaka/development/ros/gem_cutter_manipulator/install/gem_cutter_gazebo:/opt/ros/jazzy/opt/gz_sim_vendor:/opt/ros/jazzy/opt/gz_sensors_vendor:/opt/ros/jazzy/opt/gz_physics_vendor:/opt/ros/jazzy/opt/sdformat_vendor:/opt/ros/jazzy/opt/gz_gui_vendor:/opt/ros/jazzy/opt/gz_transport_vendor:/opt/ros/jazzy/opt/gz_rendering_vendor:/opt/ros/jazzy/opt/gz_plugin_vendor:/opt/ros/jazzy/opt/gz_fuel_tools_vendor:/opt/ros/jazzy/opt/gz_msgs_vendor:/opt/ros/jazzy/opt/gz_common_vendor:/opt/ros/jazzy/opt/gz_math_vendor:/opt/ros/jazzy/opt/gz_utils_vendor:/opt/ros/jazzy/opt/gz_tools_vendor:/opt/ros/jazzy/opt/gz_ogre_next_vendor:/opt/ros/jazzy/opt/gz_dartsim_vendor:/opt/ros/jazzy/opt/gz_cmake_vendor:/opt/ros/jazzy DEBUGINFOD_URLS=https://debuginfod.ubuntu.com /usr/bin/cmake /home/kiran_gunathilaka/development/ros/gem_cutter_manipulator/src/gem_cutter_moveit_config -DAMENT_CMAKE_SYMLINK_INSTALL=1 -DCMAKE_INSTALL_PREFIX=/home/kiran_gunathilaka/development/ros/gem_cutter_manipulator/install/gem_cutter_moveit_config
[2.459s] DEBUG:colcon.colcon_core.event_handler.log_command:Invoking command in '/home/kiran_gunathilaka/development/ros/gem_cutter_manipulator/build/gem_cutter_moveit_config': CMAKE_PREFIX_PATH=/home/kiran_gunathilaka/development/ros/gem_cutter_manipulator/install/gem_cutter_description:/home/kiran_gunathilaka/development/ros/gem_cutter_manipulator/install/gem_cutter_moveit_config:/home/kiran_gunathilaka/development/ros/gem_cutter_manipulator/install/gem_cutter_gazebo:/opt/ros/jazzy/opt/gz_sim_vendor:/opt/ros/jazzy/opt/gz_sensors_vendor:/opt/ros/jazzy/opt/gz_physics_vendor:/opt/ros/jazzy/opt/sdformat_vendor:/opt/ros/jazzy/opt/gz_gui_vendor:/opt/ros/jazzy/opt/gz_transport_vendor:/opt/ros/jazzy/opt/gz_rendering_vendor:/opt/ros/jazzy/opt/gz_plugin_vendor:/opt/ros/jazzy/opt/gz_fuel_tools_vendor:/opt/ros/jazzy/opt/gz_msgs_vendor:/opt/ros/jazzy/opt/gz_common_vendor:/opt/ros/jazzy/opt/gz_math_vendor:/opt/ros/jazzy/opt/gz_utils_vendor:/opt/ros/jazzy/opt/gz_tools_vendor:/opt/ros/jazzy/opt/gz_ogre_next_vendor:/opt/ros/jazzy/opt/gz_dartsim_vendor:/opt/ros/jazzy/opt/gz_cmake_vendor:/opt/ros/jazzy DEBUGINFOD_URLS=https://debuginfod.ubuntu.com /usr/bin/cmake --build /home/kiran_gunathilaka/development/ros/gem_cutter_manipulator/build/gem_cutter_moveit_config -- -j12 -l12
[2.491s] DEBUG:colcon.colcon_core.event_handler.log_command:Invoked command in '/home/kiran_gunathilaka/development/ros/gem_cutter_manipulator/build/gem_cutter_moveit_config' returned '0': CMAKE_PREFIX_PATH=/home/kiran_gunathilaka/development/ros/gem_cutter_manipulator/install/gem_cutter_description:/home/kiran_gunathilaka/development/ros/gem_cutter_manipulator/install/gem_cutter_moveit_config:/home/kiran_gunathilaka/development/ros/gem_cutter_manipulator/install/gem_cutter_gazebo:/opt/ros/jazzy/opt/gz_sim_vendor:/opt/ros/jazzy/opt/gz_sensors_vendor:/opt/ros/jazzy/opt/gz_physics_vendor:/opt/ros/jazzy/opt/sdformat_vendor:/opt/ros/jazzy/opt/gz_gui_vendor:/opt/ros/jazzy/opt/gz_transport_vendor:/opt/ros/jazzy/opt/gz_rendering_vendor:/opt/ros/jazzy/opt/gz_plugin_vendor:/opt/ros/jazzy/opt/gz_fuel_tools_vendor:/opt/ros/jazzy/opt/gz_msgs_vendor:/opt/ros/jazzy/opt/gz_common_vendor:/opt/ros/jazzy/opt/gz_math_vendor:/opt/ros/jazzy/opt/gz_utils_vendor:/opt/ros/jazzy/opt/gz_tools_vendor:/opt/ros/jazzy/opt/gz_ogre_next_vendor:/opt/ros/jazzy/opt/gz_dartsim_vendor:/opt/ros/jazzy/opt/gz_cmake_vendor:/opt/ros/jazzy DEBUGINFOD_URLS=https://debuginfod.ubuntu.com /usr/bin/cmake --build /home/kiran_gunathilaka/development/ros/gem_cutter_manipulator/build/gem_cutter_moveit_config -- -j12 -l12
[2.492s] DEBUG:colcon.colcon_core.event_handler.log_command:Invoking command in '/home/kiran_gunathilaka/development/ros/gem_cutter_manipulator/build/gem_cutter_moveit_config': CMAKE_PREFIX_PATH=/home/kiran_gunathilaka/development/ros/gem_cutter_manipulator/install/gem_cutter_description:/home/kiran_gunathilaka/development/ros/gem_cutter_manipulator/install/gem_cutter_moveit_config:/home/kiran_gunathilaka/development/ros/gem_cutter_manipulator/install/gem_cutter_gazebo:/opt/ros/jazzy/opt/gz_sim_vendor:/opt/ros/jazzy/opt/gz_sensors_vendor:/opt/ros/jazzy/opt/gz_physics_vendor:/opt/ros/jazzy/opt/sdformat_vendor:/opt/ros/jazzy/opt/gz_gui_vendor:/opt/ros/jazzy/opt/gz_transport_vendor:/opt/ros/jazzy/opt/gz_rendering_vendor:/opt/ros/jazzy/opt/gz_plugin_vendor:/opt/ros/jazzy/opt/gz_fuel_tools_vendor:/opt/ros/jazzy/opt/gz_msgs_vendor:/opt/ros/jazzy/opt/gz_common_vendor:/opt/ros/jazzy/opt/gz_math_vendor:/opt/ros/jazzy/opt/gz_utils_vendor:/opt/ros/jazzy/opt/gz_tools_vendor:/opt/ros/jazzy/opt/gz_ogre_next_vendor:/opt/ros/jazzy/opt/gz_dartsim_vendor:/opt/ros/jazzy/opt/gz_cmake_vendor:/opt/ros/jazzy DEBUGINFOD_URLS=https://debuginfod.ubuntu.com /usr/bin/cmake --install /home/kiran_gunathilaka/development/ros/gem_cutter_manipulator/build/gem_cutter_moveit_config
[2.766s] Level 1:colcon.colcon_core.environment:create_environment_scripts_only(gem_cutter_moveit_config)
[2.766s] Level 1:colcon.colcon_core.environment:checking '/home/kiran_gunathilaka/development/ros/gem_cutter_manipulator/install/gem_cutter_moveit_config' for CMake module files
[2.767s] DEBUG:colcon.colcon_core.event_handler.log_command:Invoked command in '/home/kiran_gunathilaka/development/ros/gem_cutter_manipulator/build/gem_cutter_moveit_config' returned '0': CMAKE_PREFIX_PATH=/home/kiran_gunathilaka/development/ros/gem_cutter_manipulator/install/gem_cutter_description:/home/kiran_gunathilaka/development/ros/gem_cutter_manipulator/install/gem_cutter_moveit_config:/home/kiran_gunathilaka/development/ros/gem_cutter_manipulator/install/gem_cutter_gazebo:/opt/ros/jazzy/opt/gz_sim_vendor:/opt/ros/jazzy/opt/gz_sensors_vendor:/opt/ros/jazzy/opt/gz_physics_vendor:/opt/ros/jazzy/opt/sdformat_vendor:/opt/ros/jazzy/opt/gz_gui_vendor:/opt/ros/jazzy/opt/gz_transport_vendor:/opt/ros/jazzy/opt/gz_rendering_vendor:/opt/ros/jazzy/opt/gz_plugin_vendor:/opt/ros/jazzy/opt/gz_fuel_tools_vendor:/opt/ros/jazzy/opt/gz_msgs_vendor:/opt/ros/jazzy/opt/gz_common_vendor:/opt/ros/jazzy/opt/gz_math_vendor:/opt/ros/jazzy/opt/gz_utils_vendor:/opt/ros/jazzy/opt/gz_tools_vendor:/opt/ros/jazzy/opt/gz_ogre_next_vendor:/opt/ros/jazzy/opt/gz_dartsim_vendor:/opt/ros/jazzy/opt/gz_cmake_vendor:/opt/ros/jazzy DEBUGINFOD_URLS=https://debuginfod.ubuntu.com /usr/bin/cmake --install /home/kiran_gunathilaka/development/ros/gem_cutter_manipulator/build/gem_cutter_moveit_config
[2.767s] Level 1:colcon.colcon_core.environment:checking '/home/kiran_gunathilaka/development/ros/gem_cutter_manipulator/install/gem_cutter_moveit_config' for CMake config files
[2.767s] Level 1:colcon.colcon_core.shell:create_environment_hook('gem_cutter_moveit_config', 'cmake_prefix_path')
[2.768s] INFO:colcon.colcon_core.shell:Creating environment hook '/home/kiran_gunathilaka/development/ros/gem_cutter_manipulator/install/gem_cutter_moveit_config/share/gem_cutter_moveit_config/hook/cmake_prefix_path.ps1'
[2.768s] INFO:colcon.colcon_core.shell:Creating environment descriptor '/home/kiran_gunathilaka/development/ros/gem_cutter_manipulator/install/gem_cutter_moveit_config/share/gem_cutter_moveit_config/hook/cmake_prefix_path.dsv'
[2.768s] INFO:colcon.colcon_core.shell:Creating environment hook '/home/kiran_gunathilaka/development/ros/gem_cutter_manipulator/install/gem_cutter_moveit_config/share/gem_cutter_moveit_config/hook/cmake_prefix_path.sh'
[2.769s] Level 1:colcon.colcon_core.environment:checking '/home/kiran_gunathilaka/development/ros/gem_cutter_manipulator/install/gem_cutter_moveit_config/lib'
[2.769s] Level 1:colcon.colcon_core.environment:checking '/home/kiran_gunathilaka/development/ros/gem_cutter_manipulator/install/gem_cutter_moveit_config/bin'
[2.769s] Level 1:colcon.colcon_core.environment:checking '/home/kiran_gunathilaka/development/ros/gem_cutter_manipulator/install/gem_cutter_moveit_config/lib/pkgconfig/gem_cutter_moveit_config.pc'
[2.769s] Level 1:colcon.colcon_core.environment:checking '/home/kiran_gunathilaka/development/ros/gem_cutter_manipulator/install/gem_cutter_moveit_config/lib/python3.12/site-packages'
[2.769s] Level 1:colcon.colcon_core.environment:checking '/home/kiran_gunathilaka/development/ros/gem_cutter_manipulator/install/gem_cutter_moveit_config/bin'
[2.770s] INFO:colcon.colcon_core.shell:Creating package script '/home/kiran_gunathilaka/development/ros/gem_cutter_manipulator/install/gem_cutter_moveit_config/share/gem_cutter_moveit_config/package.ps1'
[2.770s] INFO:colcon.colcon_core.shell:Creating package descriptor '/home/kiran_gunathilaka/development/ros/gem_cutter_manipulator/install/gem_cutter_moveit_config/share/gem_cutter_moveit_config/package.dsv'
[2.770s] INFO:colcon.colcon_core.shell:Creating package script '/home/kiran_gunathilaka/development/ros/gem_cutter_manipulator/install/gem_cutter_moveit_config/share/gem_cutter_moveit_config/package.sh'
[2.771s] INFO:colcon.colcon_core.shell:Creating package script '/home/kiran_gunathilaka/development/ros/gem_cutter_manipulator/install/gem_cutter_moveit_config/share/gem_cutter_moveit_config/package.bash'
[2.771s] INFO:colcon.colcon_core.shell:Creating package script '/home/kiran_gunathilaka/development/ros/gem_cutter_manipulator/install/gem_cutter_moveit_config/share/gem_cutter_moveit_config/package.zsh'
[2.771s] Level 1:colcon.colcon_core.environment:create_file_with_runtime_dependencies(/home/kiran_gunathilaka/development/ros/gem_cutter_manipulator/install/gem_cutter_moveit_config/share/colcon-core/packages/gem_cutter_moveit_config)
[2.772s] Level 1:colcon.colcon_core.environment:create_environment_scripts_only(gem_cutter_moveit_config)
[2.772s] Level 1:colcon.colcon_core.environment:checking '/home/kiran_gunathilaka/development/ros/gem_cutter_manipulator/install/gem_cutter_moveit_config' for CMake module files
[2.772s] Level 1:colcon.colcon_core.environment:checking '/home/kiran_gunathilaka/development/ros/gem_cutter_manipulator/install/gem_cutter_moveit_config' for CMake config files
[2.772s] Level 1:colcon.colcon_core.shell:create_environment_hook('gem_cutter_moveit_config', 'cmake_prefix_path')
[2.773s] INFO:colcon.colcon_core.shell:Creating environment hook '/home/kiran_gunathilaka/development/ros/gem_cutter_manipulator/install/gem_cutter_moveit_config/share/gem_cutter_moveit_config/hook/cmake_prefix_path.ps1'
[2.773s] INFO:colcon.colcon_core.shell:Creating environment descriptor '/home/kiran_gunathilaka/development/ros/gem_cutter_manipulator/install/gem_cutter_moveit_config/share/gem_cutter_moveit_config/hook/cmake_prefix_path.dsv'
[2.773s] INFO:colcon.colcon_core.shell:Creating environment hook '/home/kiran_gunathilaka/development/ros/gem_cutter_manipulator/install/gem_cutter_moveit_config/share/gem_cutter_moveit_config/hook/cmake_prefix_path.sh'
[2.774s] Level 1:colcon.colcon_core.environment:checking '/home/kiran_gunathilaka/development/ros/gem_cutter_manipulator/install/gem_cutter_moveit_config/lib'
[2.774s] Level 1:colcon.colcon_core.environment:checking '/home/kiran_gunathilaka/development/ros/gem_cutter_manipulator/install/gem_cutter_moveit_config/bin'
[2.774s] Level 1:colcon.colcon_core.environment:checking '/home/kiran_gunathilaka/development/ros/gem_cutter_manipulator/install/gem_cutter_moveit_config/lib/pkgconfig/gem_cutter_moveit_config.pc'
[2.774s] Level 1:colcon.colcon_core.environment:checking '/home/kiran_gunathilaka/development/ros/gem_cutter_manipulator/install/gem_cutter_moveit_config/lib/python3.12/site-packages'
[2.774s] Level 1:colcon.colcon_core.environment:checking '/home/kiran_gunathilaka/development/ros/gem_cutter_manipulator/install/gem_cutter_moveit_config/bin'
[2.774s] INFO:colcon.colcon_core.shell:Creating package script '/home/kiran_gunathilaka/development/ros/gem_cutter_manipulator/install/gem_cutter_moveit_config/share/gem_cutter_moveit_config/package.ps1'
[2.775s] INFO:colcon.colcon_core.shell:Creating package descriptor '/home/kiran_gunathilaka/development/ros/gem_cutter_manipulator/install/gem_cutter_moveit_config/share/gem_cutter_moveit_config/package.dsv'
[2.775s] INFO:colcon.colcon_core.shell:Creating package script '/home/kiran_gunathilaka/development/ros/gem_cutter_manipulator/install/gem_cutter_moveit_config/share/gem_cutter_moveit_config/package.sh'
[2.776s] INFO:colcon.colcon_core.shell:Creating package script '/home/kiran_gunathilaka/development/ros/gem_cutter_manipulator/install/gem_cutter_moveit_config/share/gem_cutter_moveit_config/package.bash'
[2.776s] INFO:colcon.colcon_core.shell:Creating package script '/home/kiran_gunathilaka/development/ros/gem_cutter_manipulator/install/gem_cutter_moveit_config/share/gem_cutter_moveit_config/package.zsh'
[2.776s] Level 1:colcon.colcon_core.environment:create_file_with_runtime_dependencies(/home/kiran_gunathilaka/development/ros/gem_cutter_manipulator/install/gem_cutter_moveit_config/share/colcon-core/packages/gem_cutter_moveit_config)
[3.581s] DEBUG:colcon.colcon_core.event_handler.log_command:Invoked command in '/home/kiran_gunathilaka/development/ros/gem_cutter_manipulator/build/gem_cutter_gazebo' returned '0': CMAKE_PREFIX_PATH=/home/kiran_gunathilaka/development/ros/gem_cutter_manipulator/install/gem_cutter_description:/home/kiran_gunathilaka/development/ros/gem_cutter_manipulator/install/gem_cutter_moveit_config:/home/kiran_gunathilaka/development/ros/gem_cutter_manipulator/install/gem_cutter_gazebo:/opt/ros/jazzy/opt/gz_sim_vendor:/opt/ros/jazzy/opt/gz_sensors_vendor:/opt/ros/jazzy/opt/gz_physics_vendor:/opt/ros/jazzy/opt/sdformat_vendor:/opt/ros/jazzy/opt/gz_gui_vendor:/opt/ros/jazzy/opt/gz_transport_vendor:/opt/ros/jazzy/opt/gz_rendering_vendor:/opt/ros/jazzy/opt/gz_plugin_vendor:/opt/ros/jazzy/opt/gz_fuel_tools_vendor:/opt/ros/jazzy/opt/gz_msgs_vendor:/opt/ros/jazzy/opt/gz_common_vendor:/opt/ros/jazzy/opt/gz_math_vendor:/opt/ros/jazzy/opt/gz_utils_vendor:/opt/ros/jazzy/opt/gz_tools_vendor:/opt/ros/jazzy/opt/gz_ogre_next_vendor:/opt/ros/jazzy/opt/gz_dartsim_vendor:/opt/ros/jazzy/opt/gz_cmake_vendor:/opt/ros/jazzy DEBUGINFOD_URLS=https://debuginfod.ubuntu.com /usr/bin/cmake /home/kiran_gunathilaka/development/ros/gem_cutter_manipulator/src/gem_cutter_gazebo -DAMENT_CMAKE_SYMLINK_INSTALL=1 -DCMAKE_INSTALL_PREFIX=/home/kiran_gunathilaka/development/ros/gem_cutter_manipulator/install/gem_cutter_gazebo
[3.581s] DEBUG:colcon.colcon_core.event_handler.log_command:Invoking command in '/home/kiran_gunathilaka/development/ros/gem_cutter_manipulator/build/gem_cutter_gazebo': CMAKE_PREFIX_PATH=/home/kiran_gunathilaka/development/ros/gem_cutter_manipulator/install/gem_cutter_description:/home/kiran_gunathilaka/development/ros/gem_cutter_manipulator/install/gem_cutter_moveit_config:/home/kiran_gunathilaka/development/ros/gem_cutter_manipulator/install/gem_cutter_gazebo:/opt/ros/jazzy/opt/gz_sim_vendor:/opt/ros/jazzy/opt/gz_sensors_vendor:/opt/ros/jazzy/opt/gz_physics_vendor:/opt/ros/jazzy/opt/sdformat_vendor:/opt/ros/jazzy/opt/gz_gui_vendor:/opt/ros/jazzy/opt/gz_transport_vendor:/opt/ros/jazzy/opt/gz_rendering_vendor:/opt/ros/jazzy/opt/gz_plugin_vendor:/opt/ros/jazzy/opt/gz_fuel_tools_vendor:/opt/ros/jazzy/opt/gz_msgs_vendor:/opt/ros/jazzy/opt/gz_common_vendor:/opt/ros/jazzy/opt/gz_math_vendor:/opt/ros/jazzy/opt/gz_utils_vendor:/opt/ros/jazzy/opt/gz_tools_vendor:/opt/ros/jazzy/opt/gz_ogre_next_vendor:/opt/ros/jazzy/opt/gz_dartsim_vendor:/opt/ros/jazzy/opt/gz_cmake_vendor:/opt/ros/jazzy DEBUGINFOD_URLS=https://debuginfod.ubuntu.com /usr/bin/cmake --build /home/kiran_gunathilaka/development/ros/gem_cutter_manipulator/build/gem_cutter_gazebo -- -j12 -l12
[3.614s] DEBUG:colcon.colcon_core.event_handler.log_command:Invoked command in '/home/kiran_gunathilaka/development/ros/gem_cutter_manipulator/build/gem_cutter_gazebo' returned '0': CMAKE_PREFIX_PATH=/home/kiran_gunathilaka/development/ros/gem_cutter_manipulator/install/gem_cutter_description:/home/kiran_gunathilaka/development/ros/gem_cutter_manipulator/install/gem_cutter_moveit_config:/home/kiran_gunathilaka/development/ros/gem_cutter_manipulator/install/gem_cutter_gazebo:/opt/ros/jazzy/opt/gz_sim_vendor:/opt/ros/jazzy/opt/gz_sensors_vendor:/opt/ros/jazzy/opt/gz_physics_vendor:/opt/ros/jazzy/opt/sdformat_vendor:/opt/ros/jazzy/opt/gz_gui_vendor:/opt/ros/jazzy/opt/gz_transport_vendor:/opt/ros/jazzy/opt/gz_rendering_vendor:/opt/ros/jazzy/opt/gz_plugin_vendor:/opt/ros/jazzy/opt/gz_fuel_tools_vendor:/opt/ros/jazzy/opt/gz_msgs_vendor:/opt/ros/jazzy/opt/gz_common_vendor:/opt/ros/jazzy/opt/gz_math_vendor:/opt/ros/jazzy/opt/gz_utils_vendor:/opt/ros/jazzy/opt/gz_tools_vendor:/opt/ros/jazzy/opt/gz_ogre_next_vendor:/opt/ros/jazzy/opt/gz_dartsim_vendor:/opt/ros/jazzy/opt/gz_cmake_vendor:/opt/ros/jazzy DEBUGINFOD_URLS=https://debuginfod.ubuntu.com /usr/bin/cmake --build /home/kiran_gunathilaka/development/ros/gem_cutter_manipulator/build/gem_cutter_gazebo -- -j12 -l12
[3.614s] DEBUG:colcon.colcon_core.event_handler.log_command:Invoking command in '/home/kiran_gunathilaka/development/ros/gem_cutter_manipulator/build/gem_cutter_gazebo': CMAKE_PREFIX_PATH=/home/kiran_gunathilaka/development/ros/gem_cutter_manipulator/install/gem_cutter_description:/home/kiran_gunathilaka/development/ros/gem_cutter_manipulator/install/gem_cutter_moveit_config:/home/kiran_gunathilaka/development/ros/gem_cutter_manipulator/install/gem_cutter_gazebo:/opt/ros/jazzy/opt/gz_sim_vendor:/opt/ros/jazzy/opt/gz_sensors_vendor:/opt/ros/jazzy/opt/gz_physics_vendor:/opt/ros/jazzy/opt/sdformat_vendor:/opt/ros/jazzy/opt/gz_gui_vendor:/opt/ros/jazzy/opt/gz_transport_vendor:/opt/ros/jazzy/opt/gz_rendering_vendor:/opt/ros/jazzy/opt/gz_plugin_vendor:/opt/ros/jazzy/opt/gz_fuel_tools_vendor:/opt/ros/jazzy/opt/gz_msgs_vendor:/opt/ros/jazzy/opt/gz_common_vendor:/opt/ros/jazzy/opt/gz_math_vendor:/opt/ros/jazzy/opt/gz_utils_vendor:/opt/ros/jazzy/opt/gz_tools_vendor:/opt/ros/jazzy/opt/gz_ogre_next_vendor:/opt/ros/jazzy/opt/gz_dartsim_vendor:/opt/ros/jazzy/opt/gz_cmake_vendor:/opt/ros/jazzy DEBUGINFOD_URLS=https://debuginfod.ubuntu.com /usr/bin/cmake --install /home/kiran_gunathilaka/development/ros/gem_cutter_manipulator/build/gem_cutter_gazebo
[3.754s] Level 1:colcon.colcon_core.environment:create_environment_scripts_only(gem_cutter_gazebo)
[3.754s] Level 1:colcon.colcon_core.environment:checking '/home/kiran_gunathilaka/development/ros/gem_cutter_manipulator/install/gem_cutter_gazebo' for CMake module files
[3.755s] DEBUG:colcon.colcon_core.event_handler.log_command:Invoked command in '/home/kiran_gunathilaka/development/ros/gem_cutter_manipulator/build/gem_cutter_gazebo' returned '0': CMAKE_PREFIX_PATH=/home/kiran_gunathilaka/development/ros/gem_cutter_manipulator/install/gem_cutter_description:/home/kiran_gunathilaka/development/ros/gem_cutter_manipulator/install/gem_cutter_moveit_config:/home/kiran_gunathilaka/development/ros/gem_cutter_manipulator/install/gem_cutter_gazebo:/opt/ros/jazzy/opt/gz_sim_vendor:/opt/ros/jazzy/opt/gz_sensors_vendor:/opt/ros/jazzy/opt/gz_physics_vendor:/opt/ros/jazzy/opt/sdformat_vendor:/opt/ros/jazzy/opt/gz_gui_vendor:/opt/ros/jazzy/opt/gz_transport_vendor:/opt/ros/jazzy/opt/gz_rendering_vendor:/opt/ros/jazzy/opt/gz_plugin_vendor:/opt/ros/jazzy/opt/gz_fuel_tools_vendor:/opt/ros/jazzy/opt/gz_msgs_vendor:/opt/ros/jazzy/opt/gz_common_vendor:/opt/ros/jazzy/opt/gz_math_vendor:/opt/ros/jazzy/opt/gz_utils_vendor:/opt/ros/jazzy/opt/gz_tools_vendor:/opt/ros/jazzy/opt/gz_ogre_next_vendor:/opt/ros/jazzy/opt/gz_dartsim_vendor:/opt/ros/jazzy/opt/gz_cmake_vendor:/opt/ros/jazzy DEBUGINFOD_URLS=https://debuginfod.ubuntu.com /usr/bin/cmake --install /home/kiran_gunathilaka/development/ros/gem_cutter_manipulator/build/gem_cutter_gazebo
[3.755s] Level 1:colcon.colcon_core.environment:checking '/home/kiran_gunathilaka/development/ros/gem_cutter_manipulator/install/gem_cutter_gazebo' for CMake config files
[3.755s] Level 1:colcon.colcon_core.shell:create_environment_hook('gem_cutter_gazebo', 'cmake_prefix_path')
[3.755s] INFO:colcon.colcon_core.shell:Creating environment hook '/home/kiran_gunathilaka/development/ros/gem_cutter_manipulator/install/gem_cutter_gazebo/share/gem_cutter_gazebo/hook/cmake_prefix_path.ps1'
[3.756s] INFO:colcon.colcon_core.shell:Creating environment descriptor '/home/kiran_gunathilaka/development/ros/gem_cutter_manipulator/install/gem_cutter_gazebo/share/gem_cutter_gazebo/hook/cmake_prefix_path.dsv'
[3.756s] INFO:colcon.colcon_core.shell:Creating environment hook '/home/kiran_gunathilaka/development/ros/gem_cutter_manipulator/install/gem_cutter_gazebo/share/gem_cutter_gazebo/hook/cmake_prefix_path.sh'
[3.756s] Level 1:colcon.colcon_core.environment:checking '/home/kiran_gunathilaka/development/ros/gem_cutter_manipulator/install/gem_cutter_gazebo/bin'
[3.757s] Level 1:colcon.colcon_core.environment:checking '/home/kiran_gunathilaka/development/ros/gem_cutter_manipulator/install/gem_cutter_gazebo/lib/pkgconfig/gem_cutter_gazebo.pc'
[3.757s] Level 1:colcon.colcon_core.environment:checking '/home/kiran_gunathilaka/development/ros/gem_cutter_manipulator/install/gem_cutter_gazebo/lib/python3.12/site-packages'
[3.757s] Level 1:colcon.colcon_core.environment:checking '/home/kiran_gunathilaka/development/ros/gem_cutter_manipulator/install/gem_cutter_gazebo/bin'
[3.757s] INFO:colcon.colcon_core.shell:Creating package script '/home/kiran_gunathilaka/development/ros/gem_cutter_manipulator/install/gem_cutter_gazebo/share/gem_cutter_gazebo/package.ps1'
[3.757s] INFO:colcon.colcon_core.shell:Creating package descriptor '/home/kiran_gunathilaka/development/ros/gem_cutter_manipulator/install/gem_cutter_gazebo/share/gem_cutter_gazebo/package.dsv'
[3.758s] INFO:colcon.colcon_core.shell:Creating package script '/home/kiran_gunathilaka/development/ros/gem_cutter_manipulator/install/gem_cutter_gazebo/share/gem_cutter_gazebo/package.sh'
[3.758s] INFO:colcon.colcon_core.shell:Creating package script '/home/kiran_gunathilaka/development/ros/gem_cutter_manipulator/install/gem_cutter_gazebo/share/gem_cutter_gazebo/package.bash'
[3.758s] INFO:colcon.colcon_core.shell:Creating package script '/home/kiran_gunathilaka/development/ros/gem_cutter_manipulator/install/gem_cutter_gazebo/share/gem_cutter_gazebo/package.zsh'
[3.758s] Level 1:colcon.colcon_core.environment:create_file_with_runtime_dependencies(/home/kiran_gunathilaka/development/ros/gem_cutter_manipulator/install/gem_cutter_gazebo/share/colcon-core/packages/gem_cutter_gazebo)
[3.759s] Level 1:colcon.colcon_core.environment:create_environment_scripts_only(gem_cutter_gazebo)
[3.759s] Level 1:colcon.colcon_core.environment:checking '/home/kiran_gunathilaka/development/ros/gem_cutter_manipulator/install/gem_cutter_gazebo' for CMake module files
[3.759s] Level 1:colcon.colcon_core.environment:checking '/home/kiran_gunathilaka/development/ros/gem_cutter_manipulator/install/gem_cutter_gazebo' for CMake config files
[3.759s] Level 1:colcon.colcon_core.shell:create_environment_hook('gem_cutter_gazebo', 'cmake_prefix_path')
[3.760s] INFO:colcon.colcon_core.shell:Creating environment hook '/home/kiran_gunathilaka/development/ros/gem_cutter_manipulator/install/gem_cutter_gazebo/share/gem_cutter_gazebo/hook/cmake_prefix_path.ps1'
[3.760s] INFO:colcon.colcon_core.shell:Creating environment descriptor '/home/kiran_gunathilaka/development/ros/gem_cutter_manipulator/install/gem_cutter_gazebo/share/gem_cutter_gazebo/hook/cmake_prefix_path.dsv'
[3.760s] INFO:colcon.colcon_core.shell:Creating environment hook '/home/kiran_gunathilaka/development/ros/gem_cutter_manipulator/install/gem_cutter_gazebo/share/gem_cutter_gazebo/hook/cmake_prefix_path.sh'
[3.761s] Level 1:colcon.colcon_core.environment:checking '/home/kiran_gunathilaka/development/ros/gem_cutter_manipulator/install/gem_cutter_gazebo/bin'
[3.761s] Level 1:colcon.colcon_core.environment:checking '/home/kiran_gunathilaka/development/ros/gem_cutter_manipulator/install/gem_cutter_gazebo/lib/pkgconfig/gem_cutter_gazebo.pc'
[3.761s] Level 1:colcon.colcon_core.environment:checking '/home/kiran_gunathilaka/development/ros/gem_cutter_manipulator/install/gem_cutter_gazebo/lib/python3.12/site-packages'
[3.761s] Level 1:colcon.colcon_core.environment:checking '/home/kiran_gunathilaka/development/ros/gem_cutter_manipulator/install/gem_cutter_gazebo/bin'
[3.761s] INFO:colcon.colcon_core.shell:Creating package script '/home/kiran_gunathilaka/development/ros/gem_cutter_manipulator/install/gem_cutter_gazebo/share/gem_cutter_gazebo/package.ps1'
[3.762s] INFO:colcon.colcon_core.shell:Creating package descriptor '/home/kiran_gunathilaka/development/ros/gem_cutter_manipulator/install/gem_cutter_gazebo/share/gem_cutter_gazebo/package.dsv'
[3.762s] INFO:colcon.colcon_core.shell:Creating package script '/home/kiran_gunathilaka/development/ros/gem_cutter_manipulator/install/gem_cutter_gazebo/share/gem_cutter_gazebo/package.sh'
[3.763s] INFO:colcon.colcon_core.shell:Creating package script '/home/kiran_gunathilaka/development/ros/gem_cutter_manipulator/install/gem_cutter_gazebo/share/gem_cutter_gazebo/package.bash'
[3.763s] INFO:colcon.colcon_core.shell:Creating package script '/home/kiran_gunathilaka/development/ros/gem_cutter_manipulator/install/gem_cutter_gazebo/share/gem_cutter_gazebo/package.zsh'
[3.763s] Level 1:colcon.colcon_core.environment:create_file_with_runtime_dependencies(/home/kiran_gunathilaka/development/ros/gem_cutter_manipulator/install/gem_cutter_gazebo/share/colcon-core/packages/gem_cutter_gazebo)
[3.763s] DEBUG:colcon.colcon_parallel_executor.executor.parallel:closing loop
[3.764s] DEBUG:colcon.colcon_parallel_executor.executor.parallel:loop closed
[3.764s] DEBUG:colcon.colcon_parallel_executor.executor.parallel:run_until_complete finished with '0'
[3.764s] DEBUG:colcon.colcon_core.event_reactor:joining thread
[3.769s] INFO:colcon.colcon_core.plugin_system:Skipping extension 'colcon_notification.desktop_notification.terminal_notifier': Not used on non-Darwin systems
[3.769s] INFO:colcon.colcon_core.plugin_system:Skipping extension 'colcon_notification.desktop_notification.win32': Not used on non-Windows systems
[3.769s] INFO:colcon.colcon_notification.desktop_notification:Sending desktop notification using 'notify2'
[3.785s] DEBUG:colcon.colcon_core.event_reactor:joined thread
[3.785s] INFO:colcon.colcon_core.shell:Creating prefix script '/home/kiran_gunathilaka/development/ros/gem_cutter_manipulator/install/local_setup.ps1'
[3.785s] INFO:colcon.colcon_core.shell:Creating prefix util module '/home/kiran_gunathilaka/development/ros/gem_cutter_manipulator/install/_local_setup_util_ps1.py'
[3.786s] INFO:colcon.colcon_core.shell:Creating prefix chain script '/home/kiran_gunathilaka/development/ros/gem_cutter_manipulator/install/setup.ps1'
[3.787s] INFO:colcon.colcon_core.shell:Creating prefix script '/home/kiran_gunathilaka/development/ros/gem_cutter_manipulator/install/local_setup.sh'
[3.788s] INFO:colcon.colcon_core.shell:Creating prefix util module '/home/kiran_gunathilaka/development/ros/gem_cutter_manipulator/install/_local_setup_util_sh.py'
[3.788s] INFO:colcon.colcon_core.shell:Creating prefix chain script '/home/kiran_gunathilaka/development/ros/gem_cutter_manipulator/install/setup.sh'
[3.789s] INFO:colcon.colcon_core.shell:Creating prefix script '/home/kiran_gunathilaka/development/ros/gem_cutter_manipulator/install/local_setup.bash'
[3.790s] INFO:colcon.colcon_core.shell:Creating prefix chain script '/home/kiran_gunathilaka/development/ros/gem_cutter_manipulator/install/setup.bash'
[3.790s] INFO:colcon.colcon_core.shell:Creating prefix script '/home/kiran_gunathilaka/development/ros/gem_cutter_manipulator/install/local_setup.zsh'
[3.791s] INFO:colcon.colcon_core.shell:Creating prefix chain script '/home/kiran_gunathilaka/development/ros/gem_cutter_manipulator/install/setup.zsh'
